---------------------------------------------------------------
[ 2020-10-28T23:45:20+08:00 ] 127.0.0.1 GET 127.0.0.1:9001/WiGOXzphqV.php/index/login
[运行时间：0.150185s] [吞吐率：6.66req/s] [内存消耗：659.15kb] [文件加载：127]
[ info ] [ BEHAVIOR ] Run Closure @app_init [ RunTime:0.001270s ]
[ info ] [ CACHE ] INIT File
[ info ] [ BEHAVIOR ] Run Closure @app_init [ RunTime:0.003263s ]
[ info ] [ LANG ] /home/www/admin/localhost_9001/wwwroot/thinkphp/lang/zh-cn.php
[ info ] [ BEHAVIOR ] Run app\common\behavior\Common @app_dispatch [ RunTime:0.000782s ]
[ info ] [ ROUTE ] array (
  'type' => 'module',
  'module' => 
  array (
    0 => 'admin',
    1 => 'index',
    2 => 'login',
  ),
)
[ info ] [ HEADER ] array (
  'accept-language' => 'zh-CN,zh;q=0.9',
  'accept-encoding' => 'gzip, deflate, br',
  'accept' => 'text/html,application/xhtml+xml,application/xml;q=0.9,image/webp,image/apng,*/*;q=0.8',
  'user-agent' => 'Mozilla/5.0 (X11; Linux x86_64) AppleWebKit/537.36 (KHTML, like Gecko) Chrome/69.0.3497.128 Safari/537.36 Qaxbrowser',
  'upgrade-insecure-requests' => '1',
  'connection' => 'keep-alive',
  'host' => '127.0.0.1:9001',
  'content-length' => '',
  'content-type' => '',
)
[ info ] [ PARAM ] array (
)
[ info ] [ LANG ] /home/www/admin/localhost_9001/wwwroot/public/../application/admin/lang/zh-cn.php
[ info ] [ BEHAVIOR ] Run app\common\behavior\Common @module_init [ RunTime:0.004969s ]
[ info ] [ SESSION ] INIT array (
  'id' => '',
  'var_session_id' => '',
  'prefix' => 'think',
  'type' => '',
  'auto_start' => true,
)
[ info ] [ LANG ] /home/www/admin/localhost_9001/wwwroot/public/../application/admin/lang/zh-cn/index.php
[ info ] [ RUN ] app\admin\controller\Index->login[ /home/www/admin/localhost_9001/wwwroot/application/admin/controller/Index.php ]
[ info ] [ VIEW ] /home/www/admin/localhost_9001/wwwroot/public/../application/admin/view/index/login.html [ array (
  0 => 'breadcrumb',
  1 => 'site',
  2 => 'config',
  3 => 'auth',
  4 => 'admin',
  5 => 'background',
  6 => 'title',
) ]
[ info ] [ BEHAVIOR ] Run app\admin\behavior\AdminLog @app_end [ RunTime:0.000466s ]
[ info ] [ LOG ] INIT File
---------------------------------------------------------------
[ 2020-10-28T23:45:21+08:00 ] 127.0.0.1 GET 127.0.0.1:9001/WiGOXzphqV.php/ajax/lang?callback=define&controllername=index&v=1603899920
[运行时间：0.007662s] [吞吐率：130.51req/s] [内存消耗：382.05kb] [文件加载：127]
[ info ] [ BEHAVIOR ] Run Closure @app_init [ RunTime:0.000109s ]
[ info ] [ CACHE ] INIT File
[ info ] [ BEHAVIOR ] Run Closure @app_init [ RunTime:0.000243s ]
[ info ] [ LANG ] /home/www/admin/localhost_9001/wwwroot/thinkphp/lang/zh-cn.php
[ info ] [ BEHAVIOR ] Run app\common\behavior\Common @app_dispatch [ RunTime:0.000044s ]
[ info ] [ ROUTE ] array (
  'type' => 'module',
  'module' => 
  array (
    0 => 'admin',
    1 => 'ajax',
    2 => 'lang',
  ),
)
[ info ] [ HEADER ] array (
  'cookie' => 'PHPSESSID=nv2kvldohdr5gjp3pmhtf24cbi',
  'accept-language' => 'zh-CN,zh;q=0.9',
  'accept-encoding' => 'gzip, deflate, br',
  'referer' => 'http://127.0.0.1:9001/WiGOXzphqV.php/index/login',
  'accept' => '*/*',
  'user-agent' => 'Mozilla/5.0 (X11; Linux x86_64) AppleWebKit/537.36 (KHTML, like Gecko) Chrome/69.0.3497.128 Safari/537.36 Qaxbrowser',
  'connection' => 'keep-alive',
  'host' => '127.0.0.1:9001',
  'content-length' => '',
  'content-type' => '',
)
[ info ] [ PARAM ] array (
  'callback' => 'define',
  'controllername' => 'index',
  'v' => '1603899920',
)
[ info ] [ LANG ] /home/www/admin/localhost_9001/wwwroot/public/../application/admin/lang/zh-cn.php
[ info ] [ BEHAVIOR ] Run app\common\behavior\Common @module_init [ RunTime:0.000290s ]
[ info ] [ SESSION ] INIT array (
  'id' => '',
  'var_session_id' => '',
  'prefix' => 'think',
  'type' => '',
  'auto_start' => true,
)
[ info ] [ LANG ] /home/www/admin/localhost_9001/wwwroot/public/../application/admin/lang/zh-cn/ajax.php
[ info ] [ RUN ] app\admin\controller\Ajax->lang[ /home/www/admin/localhost_9001/wwwroot/application/admin/controller/Ajax.php ]
[ info ] [ LANG ] /home/www/admin/localhost_9001/wwwroot/public/../application/admin/lang/zh-cn/index.php
[ info ] [ BEHAVIOR ] Run app\admin\behavior\AdminLog @app_end [ RunTime:0.000036s ]
[ info ] [ LOG ] INIT File
---------------------------------------------------------------
[ 2020-10-28T23:45:24+08:00 ] 127.0.0.1 POST 127.0.0.1:9001/WiGOXzphqV.php/index/login
[运行时间：0.070402s] [吞吐率：14.20req/s] [内存消耗：637.22kb] [文件加载：136]
[ info ] [ BEHAVIOR ] Run Closure @app_init [ RunTime:0.000025s ]
[ info ] [ CACHE ] INIT File
[ info ] [ BEHAVIOR ] Run Closure @app_init [ RunTime:0.000371s ]
[ info ] [ LANG ] /home/www/admin/localhost_9001/wwwroot/thinkphp/lang/zh-cn.php
[ info ] [ BEHAVIOR ] Run app\common\behavior\Common @app_dispatch [ RunTime:0.000062s ]
[ info ] [ ROUTE ] array (
  'type' => 'module',
  'module' => 
  array (
    0 => 'admin',
    1 => 'index',
    2 => 'login',
  ),
)
[ info ] [ HEADER ] array (
  'cookie' => 'PHPSESSID=nv2kvldohdr5gjp3pmhtf24cbi',
  'accept-language' => 'zh-CN,zh;q=0.9',
  'accept-encoding' => 'gzip, deflate, br',
  'referer' => 'http://127.0.0.1:9001/WiGOXzphqV.php/index/login',
  'content-type' => 'application/x-www-form-urlencoded; charset=UTF-8',
  'user-agent' => 'Mozilla/5.0 (X11; Linux x86_64) AppleWebKit/537.36 (KHTML, like Gecko) Chrome/69.0.3497.128 Safari/537.36 Qaxbrowser',
  'x-requested-with' => 'XMLHttpRequest',
  'origin' => 'http://127.0.0.1:9001',
  'accept' => 'application/json, text/javascript, */*; q=0.01',
  'content-length' => '73',
  'connection' => 'keep-alive',
  'host' => '127.0.0.1:9001',
)
[ info ] [ PARAM ] array (
  '__token__' => '5fc09ad90ff9eaf6697a0dc187f219dd',
  'username' => 'admin',
  'password' => '123456',
)
[ info ] [ LANG ] /home/www/admin/localhost_9001/wwwroot/public/../application/admin/lang/zh-cn.php
[ info ] [ BEHAVIOR ] Run app\common\behavior\Common @module_init [ RunTime:0.000132s ]
[ info ] [ SESSION ] INIT array (
  'id' => '',
  'var_session_id' => '',
  'prefix' => 'think',
  'type' => '',
  'auto_start' => true,
)
[ info ] [ LANG ] /home/www/admin/localhost_9001/wwwroot/public/../application/admin/lang/zh-cn/index.php
[ info ] [ RUN ] app\admin\controller\Index->login[ /home/www/admin/localhost_9001/wwwroot/application/admin/controller/Index.php ]
[ info ] [ DB ] INIT mysql
[ info ] [ BEHAVIOR ] Run app\admin\behavior\AdminLog @app_end [ RunTime:0.010521s ]
[ info ] [ LOG ] INIT File
---------------------------------------------------------------
[ 2020-10-28T23:45:24+08:00 ] 127.0.0.1 GET 127.0.0.1:9001/WiGOXzphqV.php/index/index
[运行时间：0.195551s] [吞吐率：5.11req/s] [内存消耗：828.31kb] [文件加载：146]
[ info ] [ BEHAVIOR ] Run Closure @app_init [ RunTime:0.000019s ]
[ info ] [ CACHE ] INIT File
[ info ] [ BEHAVIOR ] Run Closure @app_init [ RunTime:0.000366s ]
[ info ] [ LANG ] /home/www/admin/localhost_9001/wwwroot/thinkphp/lang/zh-cn.php
[ info ] [ BEHAVIOR ] Run app\common\behavior\Common @app_dispatch [ RunTime:0.000082s ]
[ info ] [ ROUTE ] array (
  'type' => 'module',
  'module' => 
  array (
    0 => 'admin',
    1 => 'index',
    2 => 'index',
  ),
)
[ info ] [ HEADER ] array (
  'cookie' => 'PHPSESSID=nv2kvldohdr5gjp3pmhtf24cbi',
  'accept-language' => 'zh-CN,zh;q=0.9',
  'accept-encoding' => 'gzip, deflate, br',
  'referer' => 'http://127.0.0.1:9001/WiGOXzphqV.php/index/login',
  'accept' => 'text/html,application/xhtml+xml,application/xml;q=0.9,image/webp,image/apng,*/*;q=0.8',
  'user-agent' => 'Mozilla/5.0 (X11; Linux x86_64) AppleWebKit/537.36 (KHTML, like Gecko) Chrome/69.0.3497.128 Safari/537.36 Qaxbrowser',
  'upgrade-insecure-requests' => '1',
  'connection' => 'keep-alive',
  'host' => '127.0.0.1:9001',
  'content-length' => '',
  'content-type' => '',
)
[ info ] [ PARAM ] array (
)
[ info ] [ LANG ] /home/www/admin/localhost_9001/wwwroot/public/../application/admin/lang/zh-cn.php
[ info ] [ BEHAVIOR ] Run app\common\behavior\Common @module_init [ RunTime:0.000148s ]
[ info ] [ SESSION ] INIT array (
  'id' => '',
  'var_session_id' => '',
  'prefix' => 'think',
  'type' => '',
  'auto_start' => true,
)
[ info ] [ DB ] INIT mysql
[ info ] [ LANG ] /home/www/admin/localhost_9001/wwwroot/public/../application/admin/lang/zh-cn/index.php
[ info ] [ RUN ] app\admin\controller\Index->index[ /home/www/admin/localhost_9001/wwwroot/application/admin/controller/Index.php ]
[ info ] [ VIEW ] /home/www/admin/localhost_9001/wwwroot/public/../application/admin/view/index/index.html [ array (
  0 => 'breadcrumb',
  1 => 'site',
  2 => 'config',
  3 => 'auth',
  4 => 'admin',
  5 => 'menulist',
  6 => 'navlist',
  7 => 'fixedmenu',
  8 => 'referermenu',
  9 => 'title',
) ]
[ info ] [ BEHAVIOR ] Run app\admin\behavior\AdminLog @app_end [ RunTime:0.000037s ]
[ info ] [ LOG ] INIT File
---------------------------------------------------------------
[ 2020-10-28T23:45:24+08:00 ] 127.0.0.1 GET 127.0.0.1:9001/WiGOXzphqV.php/dashboard?addtabs=1
[运行时间：0.019747s] [吞吐率：50.64req/s] [内存消耗：688.88kb] [文件加载：135]
[ info ] [ BEHAVIOR ] Run Closure @app_init [ RunTime:0.000026s ]
[ info ] [ CACHE ] INIT File
[ info ] [ BEHAVIOR ] Run Closure @app_init [ RunTime:0.000301s ]
[ info ] [ LANG ] /home/www/admin/localhost_9001/wwwroot/thinkphp/lang/zh-cn.php
[ info ] [ BEHAVIOR ] Run app\common\behavior\Common @app_dispatch [ RunTime:0.000033s ]
[ info ] [ ROUTE ] array (
  'type' => 'module',
  'module' => 
  array (
    0 => 'admin',
    1 => 'dashboard',
    2 => NULL,
  ),
)
[ info ] [ HEADER ] array (
  'cookie' => 'PHPSESSID=nv2kvldohdr5gjp3pmhtf24cbi',
  'accept-language' => 'zh-CN,zh;q=0.9',
  'accept-encoding' => 'gzip, deflate, br',
  'referer' => 'http://127.0.0.1:9001/WiGOXzphqV.php/index/index',
  'accept' => 'text/html,application/xhtml+xml,application/xml;q=0.9,image/webp,image/apng,*/*;q=0.8',
  'user-agent' => 'Mozilla/5.0 (X11; Linux x86_64) AppleWebKit/537.36 (KHTML, like Gecko) Chrome/69.0.3497.128 Safari/537.36 Qaxbrowser',
  'upgrade-insecure-requests' => '1',
  'connection' => 'keep-alive',
  'host' => '127.0.0.1:9001',
  'content-length' => '',
  'content-type' => '',
)
[ info ] [ PARAM ] array (
  'addtabs' => '1',
)
[ info ] [ LANG ] /home/www/admin/localhost_9001/wwwroot/public/../application/admin/lang/zh-cn.php
[ info ] [ BEHAVIOR ] Run app\common\behavior\Common @module_init [ RunTime:0.000123s ]
[ info ] [ SESSION ] INIT array (
  'id' => '',
  'var_session_id' => '',
  'prefix' => 'think',
  'type' => '',
  'auto_start' => true,
)
[ info ] [ DB ] INIT mysql
[ info ] [ LANG ] /home/www/admin/localhost_9001/wwwroot/public/../application/admin/lang/zh-cn/dashboard.php
[ info ] [ RUN ] app\admin\controller\Dashboard->index[ /home/www/admin/localhost_9001/wwwroot/application/admin/controller/Dashboard.php ]
[ info ] [ VIEW ] /home/www/admin/localhost_9001/wwwroot/public/../application/admin/view/dashboard/index.html [ array (
  0 => 'breadcrumb',
  1 => 'site',
  2 => 'config',
  3 => 'auth',
  4 => 'admin',
  5 => 'totaluser',
  6 => 'totalviews',
  7 => 'totalorder',
  8 => 'totalorderamount',
  9 => 'todayuserlogin',
  10 => 'todayusersignup',
  11 => 'todayorder',
  12 => 'unsettleorder',
  13 => 'sevendnu',
  14 => 'sevendau',
  15 => 'paylist',
  16 => 'createlist',
  17 => 'addonversion',
  18 => 'uploadmode',
) ]
[ info ] [ BEHAVIOR ] Run app\admin\behavior\AdminLog @app_end [ RunTime:0.000032s ]
[ info ] [ LOG ] INIT File
---------------------------------------------------------------
[ 2020-10-28T23:45:25+08:00 ] 127.0.0.1 GET 127.0.0.1:9001/WiGOXzphqV.php/ajax/lang?callback=define&controllername=dashboard&v=1603899924
[运行时间：0.024053s] [吞吐率：41.57req/s] [内存消耗：695.45kb] [文件加载：134]
[ info ] [ BEHAVIOR ] Run Closure @app_init [ RunTime:0.000030s ]
[ info ] [ CACHE ] INIT File
[ info ] [ BEHAVIOR ] Run Closure @app_init [ RunTime:0.000350s ]
[ info ] [ LANG ] /home/www/admin/localhost_9001/wwwroot/thinkphp/lang/zh-cn.php
[ info ] [ BEHAVIOR ] Run app\common\behavior\Common @app_dispatch [ RunTime:0.000057s ]
[ info ] [ ROUTE ] array (
  'type' => 'module',
  'module' => 
  array (
    0 => 'admin',
    1 => 'ajax',
    2 => 'lang',
  ),
)
[ info ] [ HEADER ] array (
  'cookie' => 'PHPSESSID=nv2kvldohdr5gjp3pmhtf24cbi',
  'accept-language' => 'zh-CN,zh;q=0.9',
  'accept-encoding' => 'gzip, deflate, br',
  'referer' => 'http://127.0.0.1:9001/WiGOXzphqV.php/dashboard?addtabs=1',
  'accept' => '*/*',
  'user-agent' => 'Mozilla/5.0 (X11; Linux x86_64) AppleWebKit/537.36 (KHTML, like Gecko) Chrome/69.0.3497.128 Safari/537.36 Qaxbrowser',
  'connection' => 'keep-alive',
  'host' => '127.0.0.1:9001',
  'content-length' => '',
  'content-type' => '',
)
[ info ] [ PARAM ] array (
  'callback' => 'define',
  'controllername' => 'dashboard',
  'v' => '1603899924',
)
[ info ] [ LANG ] /home/www/admin/localhost_9001/wwwroot/public/../application/admin/lang/zh-cn.php
[ info ] [ BEHAVIOR ] Run app\common\behavior\Common @module_init [ RunTime:0.000171s ]
[ info ] [ SESSION ] INIT array (
  'id' => '',
  'var_session_id' => '',
  'prefix' => 'think',
  'type' => '',
  'auto_start' => true,
)
[ info ] [ DB ] INIT mysql
[ info ] [ LANG ] /home/www/admin/localhost_9001/wwwroot/public/../application/admin/lang/zh-cn/ajax.php
[ info ] [ RUN ] app\admin\controller\Ajax->lang[ /home/www/admin/localhost_9001/wwwroot/application/admin/controller/Ajax.php ]
[ info ] [ LANG ] /home/www/admin/localhost_9001/wwwroot/public/../application/admin/lang/zh-cn/dashboard.php
[ info ] [ BEHAVIOR ] Run app\admin\behavior\AdminLog @app_end [ RunTime:0.000044s ]
[ info ] [ LOG ] INIT File
---------------------------------------------------------------
[ 2020-10-28T23:45:25+08:00 ] 127.0.0.1 GET 127.0.0.1:9001/WiGOXzphqV.php/ajax/lang?callback=define&controllername=index&v=1603899924
[运行时间：0.040988s] [吞吐率：24.40req/s] [内存消耗：696.30kb] [文件加载：134]
[ info ] [ BEHAVIOR ] Run Closure @app_init [ RunTime:0.000020s ]
[ info ] [ CACHE ] INIT File
[ info ] [ BEHAVIOR ] Run Closure @app_init [ RunTime:0.000263s ]
[ info ] [ LANG ] /home/www/admin/localhost_9001/wwwroot/thinkphp/lang/zh-cn.php
[ info ] [ BEHAVIOR ] Run app\common\behavior\Common @app_dispatch [ RunTime:0.000042s ]
[ info ] [ ROUTE ] array (
  'type' => 'module',
  'module' => 
  array (
    0 => 'admin',
    1 => 'ajax',
    2 => 'lang',
  ),
)
[ info ] [ HEADER ] array (
  'cookie' => 'PHPSESSID=nv2kvldohdr5gjp3pmhtf24cbi',
  'accept-language' => 'zh-CN,zh;q=0.9',
  'accept-encoding' => 'gzip, deflate, br',
  'referer' => 'http://127.0.0.1:9001/WiGOXzphqV.php/index/index',
  'accept' => '*/*',
  'user-agent' => 'Mozilla/5.0 (X11; Linux x86_64) AppleWebKit/537.36 (KHTML, like Gecko) Chrome/69.0.3497.128 Safari/537.36 Qaxbrowser',
  'connection' => 'keep-alive',
  'host' => '127.0.0.1:9001',
  'content-length' => '',
  'content-type' => '',
)
[ info ] [ PARAM ] array (
  'callback' => 'define',
  'controllername' => 'index',
  'v' => '1603899924',
)
[ info ] [ LANG ] /home/www/admin/localhost_9001/wwwroot/public/../application/admin/lang/zh-cn.php
[ info ] [ BEHAVIOR ] Run app\common\behavior\Common @module_init [ RunTime:0.000752s ]
[ info ] [ SESSION ] INIT array (
  'id' => '',
  'var_session_id' => '',
  'prefix' => 'think',
  'type' => '',
  'auto_start' => true,
)
[ info ] [ DB ] INIT mysql
[ info ] [ LANG ] /home/www/admin/localhost_9001/wwwroot/public/../application/admin/lang/zh-cn/ajax.php
[ info ] [ RUN ] app\admin\controller\Ajax->lang[ /home/www/admin/localhost_9001/wwwroot/application/admin/controller/Ajax.php ]
[ info ] [ LANG ] /home/www/admin/localhost_9001/wwwroot/public/../application/admin/lang/zh-cn/index.php
[ info ] [ BEHAVIOR ] Run app\admin\behavior\AdminLog @app_end [ RunTime:0.000044s ]
[ info ] [ LOG ] INIT File
---------------------------------------------------------------
[ 2020-10-28T23:45:30+08:00 ] 127.0.0.1 GET 127.0.0.1:9001/WiGOXzphqV.php/custom/info?addtabs=1
[运行时间：0.023126s] [吞吐率：43.24req/s] [内存消耗：690.24kb] [文件加载：135]
[ info ] [ BEHAVIOR ] Run Closure @app_init [ RunTime:0.000017s ]
[ info ] [ CACHE ] INIT File
[ info ] [ BEHAVIOR ] Run Closure @app_init [ RunTime:0.000282s ]
[ info ] [ LANG ] /home/www/admin/localhost_9001/wwwroot/thinkphp/lang/zh-cn.php
[ info ] [ BEHAVIOR ] Run app\common\behavior\Common @app_dispatch [ RunTime:0.000045s ]
[ info ] [ ROUTE ] array (
  'type' => 'module',
  'module' => 
  array (
    0 => 'admin',
    1 => 'custom.info',
    2 => NULL,
  ),
)
[ info ] [ HEADER ] array (
  'cookie' => 'PHPSESSID=nv2kvldohdr5gjp3pmhtf24cbi',
  'accept-language' => 'zh-CN,zh;q=0.9',
  'accept-encoding' => 'gzip, deflate, br',
  'referer' => 'http://127.0.0.1:9001/WiGOXzphqV.php/custom/info?ref=addtabs',
  'accept' => 'text/html,application/xhtml+xml,application/xml;q=0.9,image/webp,image/apng,*/*;q=0.8',
  'user-agent' => 'Mozilla/5.0 (X11; Linux x86_64) AppleWebKit/537.36 (KHTML, like Gecko) Chrome/69.0.3497.128 Safari/537.36 Qaxbrowser',
  'upgrade-insecure-requests' => '1',
  'connection' => 'keep-alive',
  'host' => '127.0.0.1:9001',
  'content-length' => '',
  'content-type' => '',
)
[ info ] [ PARAM ] array (
  'addtabs' => '1',
)
[ info ] [ LANG ] /home/www/admin/localhost_9001/wwwroot/public/../application/admin/lang/zh-cn.php
[ info ] [ BEHAVIOR ] Run app\common\behavior\Common @module_init [ RunTime:0.000092s ]
[ info ] [ SESSION ] INIT array (
  'id' => '',
  'var_session_id' => '',
  'prefix' => 'think',
  'type' => '',
  'auto_start' => true,
)
[ info ] [ DB ] INIT mysql
[ info ] [ LANG ] /home/www/admin/localhost_9001/wwwroot/public/../application/admin/lang/zh-cn/custom/info.php
[ info ] [ RUN ] app\admin\controller\custom\Info->index[ /home/www/admin/localhost_9001/wwwroot/application/admin/controller/custom/Info.php ]
[ info ] [ VIEW ] /home/www/admin/localhost_9001/wwwroot/public/../application/admin/view/custom/info/index.html [ array (
  0 => 'breadcrumb',
  1 => 'site',
  2 => 'config',
  3 => 'auth',
  4 => 'admin',
) ]
[ info ] [ BEHAVIOR ] Run app\admin\behavior\AdminLog @app_end [ RunTime:0.000071s ]
[ info ] [ LOG ] INIT File
---------------------------------------------------------------
[ 2020-10-28T23:45:30+08:00 ] 127.0.0.1 GET 127.0.0.1:9001/WiGOXzphqV.php/ajax/lang?callback=define&controllername=custom.info&v=1603899930
[运行时间：0.020447s] [吞吐率：48.91req/s] [内存消耗：695.17kb] [文件加载：134]
[ info ] [ BEHAVIOR ] Run Closure @app_init [ RunTime:0.000027s ]
[ info ] [ CACHE ] INIT File
[ info ] [ BEHAVIOR ] Run Closure @app_init [ RunTime:0.000318s ]
[ info ] [ LANG ] /home/www/admin/localhost_9001/wwwroot/thinkphp/lang/zh-cn.php
[ info ] [ BEHAVIOR ] Run app\common\behavior\Common @app_dispatch [ RunTime:0.000054s ]
[ info ] [ ROUTE ] array (
  'type' => 'module',
  'module' => 
  array (
    0 => 'admin',
    1 => 'ajax',
    2 => 'lang',
  ),
)
[ info ] [ HEADER ] array (
  'cookie' => 'PHPSESSID=nv2kvldohdr5gjp3pmhtf24cbi',
  'accept-language' => 'zh-CN,zh;q=0.9',
  'accept-encoding' => 'gzip, deflate, br',
  'referer' => 'http://127.0.0.1:9001/WiGOXzphqV.php/custom/info?addtabs=1',
  'accept' => '*/*',
  'user-agent' => 'Mozilla/5.0 (X11; Linux x86_64) AppleWebKit/537.36 (KHTML, like Gecko) Chrome/69.0.3497.128 Safari/537.36 Qaxbrowser',
  'connection' => 'keep-alive',
  'host' => '127.0.0.1:9001',
  'content-length' => '',
  'content-type' => '',
)
[ info ] [ PARAM ] array (
  'callback' => 'define',
  'controllername' => 'custom.info',
  'v' => '1603899930',
)
[ info ] [ LANG ] /home/www/admin/localhost_9001/wwwroot/public/../application/admin/lang/zh-cn.php
[ info ] [ BEHAVIOR ] Run app\common\behavior\Common @module_init [ RunTime:0.000132s ]
[ info ] [ SESSION ] INIT array (
  'id' => '',
  'var_session_id' => '',
  'prefix' => 'think',
  'type' => '',
  'auto_start' => true,
)
[ info ] [ DB ] INIT mysql
[ info ] [ LANG ] /home/www/admin/localhost_9001/wwwroot/public/../application/admin/lang/zh-cn/ajax.php
[ info ] [ RUN ] app\admin\controller\Ajax->lang[ /home/www/admin/localhost_9001/wwwroot/application/admin/controller/Ajax.php ]
[ info ] [ LANG ] /home/www/admin/localhost_9001/wwwroot/public/../application/admin/lang/zh-cn/custom/info.php
[ info ] [ BEHAVIOR ] Run app\admin\behavior\AdminLog @app_end [ RunTime:0.000042s ]
[ info ] [ LOG ] INIT File
---------------------------------------------------------------
[ 2020-10-28T23:45:30+08:00 ] 127.0.0.1 GET 127.0.0.1:9001/WiGOXzphqV.php/custom/info/index?addtabs=1&sort=custom_id&order=desc&offset=0&limit=10&filter=%7B%7D&op=%7B%7D&_=1603899930143
[运行时间：0.024382s] [吞吐率：41.01req/s] [内存消耗：721.70kb] [文件加载：137]
[ info ] [ BEHAVIOR ] Run Closure @app_init [ RunTime:0.000016s ]
[ info ] [ CACHE ] INIT File
[ info ] [ BEHAVIOR ] Run Closure @app_init [ RunTime:0.000236s ]
[ info ] [ LANG ] /home/www/admin/localhost_9001/wwwroot/thinkphp/lang/zh-cn.php
[ info ] [ BEHAVIOR ] Run app\common\behavior\Common @app_dispatch [ RunTime:0.000030s ]
[ info ] [ ROUTE ] array (
  'type' => 'module',
  'module' => 
  array (
    0 => 'admin',
    1 => 'custom.info',
    2 => 'index',
  ),
)
[ info ] [ HEADER ] array (
  'cookie' => 'PHPSESSID=nv2kvldohdr5gjp3pmhtf24cbi',
  'accept-language' => 'zh-CN,zh;q=0.9',
  'accept-encoding' => 'gzip, deflate, br',
  'referer' => 'http://127.0.0.1:9001/WiGOXzphqV.php/custom/info?addtabs=1',
  'content-type' => 'application/json',
  'user-agent' => 'Mozilla/5.0 (X11; Linux x86_64) AppleWebKit/537.36 (KHTML, like Gecko) Chrome/69.0.3497.128 Safari/537.36 Qaxbrowser',
  'x-requested-with' => 'XMLHttpRequest',
  'accept' => 'application/json, text/javascript, */*; q=0.01',
  'connection' => 'keep-alive',
  'host' => '127.0.0.1:9001',
  'content-length' => '',
)
[ info ] [ PARAM ] array (
  'addtabs' => '1',
  'sort' => 'custom_id',
  'order' => 'desc',
  'offset' => '0',
  'limit' => '10',
  'filter' => '{}',
  'op' => '{}',
  '_' => '1603899930143',
)
[ info ] [ LANG ] /home/www/admin/localhost_9001/wwwroot/public/../application/admin/lang/zh-cn.php
[ info ] [ BEHAVIOR ] Run app\common\behavior\Common @module_init [ RunTime:0.000091s ]
[ info ] [ SESSION ] INIT array (
  'id' => '',
  'var_session_id' => '',
  'prefix' => 'think',
  'type' => '',
  'auto_start' => true,
)
[ info ] [ DB ] INIT mysql
[ info ] [ LANG ] /home/www/admin/localhost_9001/wwwroot/public/../application/admin/lang/zh-cn/custom/info.php
[ info ] [ RUN ] app\admin\controller\custom\Info->index[ /home/www/admin/localhost_9001/wwwroot/application/admin/controller/custom/Info.php ]
[ info ] [ BEHAVIOR ] Run app\admin\behavior\AdminLog @app_end [ RunTime:0.000027s ]
[ info ] [ LOG ] INIT File
---------------------------------------------------------------
[ 2020-10-28T23:45:33+08:00 ] 127.0.0.1 GET 127.0.0.1:9001/WiGOXzphqV.php/custom/contact?addtabs=1
[运行时间：0.023086s] [吞吐率：43.32req/s] [内存消耗：688.91kb] [文件加载：134]
[ info ] [ BEHAVIOR ] Run Closure @app_init [ RunTime:0.000024s ]
[ info ] [ CACHE ] INIT File
[ info ] [ BEHAVIOR ] Run Closure @app_init [ RunTime:0.000375s ]
[ info ] [ LANG ] /home/www/admin/localhost_9001/wwwroot/thinkphp/lang/zh-cn.php
[ info ] [ BEHAVIOR ] Run app\common\behavior\Common @app_dispatch [ RunTime:0.000060s ]
[ info ] [ ROUTE ] array (
  'type' => 'module',
  'module' => 
  array (
    0 => 'admin',
    1 => 'custom.contact',
    2 => NULL,
  ),
)
[ info ] [ HEADER ] array (
  'cookie' => 'PHPSESSID=nv2kvldohdr5gjp3pmhtf24cbi',
  'accept-language' => 'zh-CN,zh;q=0.9',
  'accept-encoding' => 'gzip, deflate, br',
  'referer' => 'http://127.0.0.1:9001/WiGOXzphqV.php/custom/contact?ref=addtabs',
  'accept' => 'text/html,application/xhtml+xml,application/xml;q=0.9,image/webp,image/apng,*/*;q=0.8',
  'user-agent' => 'Mozilla/5.0 (X11; Linux x86_64) AppleWebKit/537.36 (KHTML, like Gecko) Chrome/69.0.3497.128 Safari/537.36 Qaxbrowser',
  'upgrade-insecure-requests' => '1',
  'connection' => 'keep-alive',
  'host' => '127.0.0.1:9001',
  'content-length' => '',
  'content-type' => '',
)
[ info ] [ PARAM ] array (
  'addtabs' => '1',
)
[ info ] [ LANG ] /home/www/admin/localhost_9001/wwwroot/public/../application/admin/lang/zh-cn.php
[ info ] [ BEHAVIOR ] Run app\common\behavior\Common @module_init [ RunTime:0.000102s ]
[ info ] [ SESSION ] INIT array (
  'id' => '',
  'var_session_id' => '',
  'prefix' => 'think',
  'type' => '',
  'auto_start' => true,
)
[ info ] [ DB ] INIT mysql
[ info ] [ LANG ] /home/www/admin/localhost_9001/wwwroot/public/../application/admin/lang/zh-cn/custom/contact.php
[ info ] [ RUN ] app\common\controller\Backend->index[ /home/www/admin/localhost_9001/wwwroot/application/admin/library/traits/Backend.php ]
[ info ] [ VIEW ] /home/www/admin/localhost_9001/wwwroot/public/../application/admin/view/custom/contact/index.html [ array (
  0 => 'breadcrumb',
  1 => 'site',
  2 => 'config',
  3 => 'auth',
  4 => 'admin',
) ]
[ info ] [ BEHAVIOR ] Run app\admin\behavior\AdminLog @app_end [ RunTime:0.000059s ]
[ info ] [ LOG ] INIT File
---------------------------------------------------------------
[ 2020-10-28T23:45:33+08:00 ] 127.0.0.1 GET 127.0.0.1:9001/WiGOXzphqV.php/ajax/lang?callback=define&controllername=custom.contact&v=1603899933
[运行时间：0.012379s] [吞吐率：80.78req/s] [内存消耗：694.27kb] [文件加载：134]
[ info ] [ BEHAVIOR ] Run Closure @app_init [ RunTime:0.000023s ]
[ info ] [ CACHE ] INIT File
[ info ] [ BEHAVIOR ] Run Closure @app_init [ RunTime:0.000263s ]
[ info ] [ LANG ] /home/www/admin/localhost_9001/wwwroot/thinkphp/lang/zh-cn.php
[ info ] [ BEHAVIOR ] Run app\common\behavior\Common @app_dispatch [ RunTime:0.000032s ]
[ info ] [ ROUTE ] array (
  'type' => 'module',
  'module' => 
  array (
    0 => 'admin',
    1 => 'ajax',
    2 => 'lang',
  ),
)
[ info ] [ HEADER ] array (
  'cookie' => 'PHPSESSID=nv2kvldohdr5gjp3pmhtf24cbi',
  'accept-language' => 'zh-CN,zh;q=0.9',
  'accept-encoding' => 'gzip, deflate, br',
  'referer' => 'http://127.0.0.1:9001/WiGOXzphqV.php/custom/contact?addtabs=1',
  'accept' => '*/*',
  'user-agent' => 'Mozilla/5.0 (X11; Linux x86_64) AppleWebKit/537.36 (KHTML, like Gecko) Chrome/69.0.3497.128 Safari/537.36 Qaxbrowser',
  'connection' => 'keep-alive',
  'host' => '127.0.0.1:9001',
  'content-length' => '',
  'content-type' => '',
)
[ info ] [ PARAM ] array (
  'callback' => 'define',
  'controllername' => 'custom.contact',
  'v' => '1603899933',
)
[ info ] [ LANG ] /home/www/admin/localhost_9001/wwwroot/public/../application/admin/lang/zh-cn.php
[ info ] [ BEHAVIOR ] Run app\common\behavior\Common @module_init [ RunTime:0.000085s ]
[ info ] [ SESSION ] INIT array (
  'id' => '',
  'var_session_id' => '',
  'prefix' => 'think',
  'type' => '',
  'auto_start' => true,
)
[ info ] [ DB ] INIT mysql
[ info ] [ LANG ] /home/www/admin/localhost_9001/wwwroot/public/../application/admin/lang/zh-cn/ajax.php
[ info ] [ RUN ] app\admin\controller\Ajax->lang[ /home/www/admin/localhost_9001/wwwroot/application/admin/controller/Ajax.php ]
[ info ] [ LANG ] /home/www/admin/localhost_9001/wwwroot/public/../application/admin/lang/zh-cn/custom/contact.php
[ info ] [ BEHAVIOR ] Run app\admin\behavior\AdminLog @app_end [ RunTime:0.000034s ]
[ info ] [ LOG ] INIT File
---------------------------------------------------------------
[ 2020-10-28T23:45:34+08:00 ] 127.0.0.1 GET 127.0.0.1:9001/WiGOXzphqV.php/custom/contact/index?addtabs=1&sort=custom_contact_id&order=desc&offset=0&limit=10&filter=%7B%7D&op=%7B%7D&_=1603899933889
[运行时间：0.029452s] [吞吐率：33.95req/s] [内存消耗：697.07kb] [文件加载：136]
[ info ] [ BEHAVIOR ] Run Closure @app_init [ RunTime:0.000023s ]
[ info ] [ CACHE ] INIT File
[ info ] [ BEHAVIOR ] Run Closure @app_init [ RunTime:0.000608s ]
[ info ] [ LANG ] /home/www/admin/localhost_9001/wwwroot/thinkphp/lang/zh-cn.php
[ info ] [ BEHAVIOR ] Run app\common\behavior\Common @app_dispatch [ RunTime:0.000060s ]
[ info ] [ ROUTE ] array (
  'type' => 'module',
  'module' => 
  array (
    0 => 'admin',
    1 => 'custom.contact',
    2 => 'index',
  ),
)
[ info ] [ HEADER ] array (
  'cookie' => 'PHPSESSID=nv2kvldohdr5gjp3pmhtf24cbi',
  'accept-language' => 'zh-CN,zh;q=0.9',
  'accept-encoding' => 'gzip, deflate, br',
  'referer' => 'http://127.0.0.1:9001/WiGOXzphqV.php/custom/contact?addtabs=1',
  'content-type' => 'application/json',
  'user-agent' => 'Mozilla/5.0 (X11; Linux x86_64) AppleWebKit/537.36 (KHTML, like Gecko) Chrome/69.0.3497.128 Safari/537.36 Qaxbrowser',
  'x-requested-with' => 'XMLHttpRequest',
  'accept' => 'application/json, text/javascript, */*; q=0.01',
  'connection' => 'keep-alive',
  'host' => '127.0.0.1:9001',
  'content-length' => '',
)
[ info ] [ PARAM ] array (
  'addtabs' => '1',
  'sort' => 'custom_contact_id',
  'order' => 'desc',
  'offset' => '0',
  'limit' => '10',
  'filter' => '{}',
  'op' => '{}',
  '_' => '1603899933889',
)
[ info ] [ LANG ] /home/www/admin/localhost_9001/wwwroot/public/../application/admin/lang/zh-cn.php
[ info ] [ BEHAVIOR ] Run app\common\behavior\Common @module_init [ RunTime:0.000347s ]
[ info ] [ SESSION ] INIT array (
  'id' => '',
  'var_session_id' => '',
  'prefix' => 'think',
  'type' => '',
  'auto_start' => true,
)
[ info ] [ DB ] INIT mysql
[ info ] [ LANG ] /home/www/admin/localhost_9001/wwwroot/public/../application/admin/lang/zh-cn/custom/contact.php
[ info ] [ RUN ] app\common\controller\Backend->index[ /home/www/admin/localhost_9001/wwwroot/application/admin/library/traits/Backend.php ]
[ info ] [ BEHAVIOR ] Run app\admin\behavior\AdminLog @app_end [ RunTime:0.000044s ]
[ info ] [ LOG ] INIT File
---------------------------------------------------------------
[ 2020-10-28T23:45:49+08:00 ] 127.0.0.1 GET 127.0.0.1:9001/WiGOXzphqV.php/custom/contact/index?addtabs=1&sort=custom_contact_id&order=desc&offset=0&limit=10&filter=%7B%7D&op=%7B%7D&_=1603899933890
[运行时间：0.022366s] [吞吐率：44.71req/s] [内存消耗：697.07kb] [文件加载：136]
[ info ] [ BEHAVIOR ] Run Closure @app_init [ RunTime:0.000017s ]
[ info ] [ CACHE ] INIT File
[ info ] [ BEHAVIOR ] Run Closure @app_init [ RunTime:0.000670s ]
[ info ] [ LANG ] /home/www/admin/localhost_9001/wwwroot/thinkphp/lang/zh-cn.php
[ info ] [ BEHAVIOR ] Run app\common\behavior\Common @app_dispatch [ RunTime:0.000087s ]
[ info ] [ ROUTE ] array (
  'type' => 'module',
  'module' => 
  array (
    0 => 'admin',
    1 => 'custom.contact',
    2 => 'index',
  ),
)
[ info ] [ HEADER ] array (
  'cookie' => 'PHPSESSID=nv2kvldohdr5gjp3pmhtf24cbi',
  'accept-language' => 'zh-CN,zh;q=0.9',
  'accept-encoding' => 'gzip, deflate, br',
  'referer' => 'http://127.0.0.1:9001/WiGOXzphqV.php/custom/contact?addtabs=1',
  'content-type' => 'application/json',
  'user-agent' => 'Mozilla/5.0 (X11; Linux x86_64) AppleWebKit/537.36 (KHTML, like Gecko) Chrome/69.0.3497.128 Safari/537.36 Qaxbrowser',
  'x-requested-with' => 'XMLHttpRequest',
  'accept' => 'application/json, text/javascript, */*; q=0.01',
  'connection' => 'keep-alive',
  'host' => '127.0.0.1:9001',
  'content-length' => '',
)
[ info ] [ PARAM ] array (
  'addtabs' => '1',
  'sort' => 'custom_contact_id',
  'order' => 'desc',
  'offset' => '0',
  'limit' => '10',
  'filter' => '{}',
  'op' => '{}',
  '_' => '1603899933890',
)
[ info ] [ LANG ] /home/www/admin/localhost_9001/wwwroot/public/../application/admin/lang/zh-cn.php
[ info ] [ BEHAVIOR ] Run app\common\behavior\Common @module_init [ RunTime:0.000094s ]
[ info ] [ SESSION ] INIT array (
  'id' => '',
  'var_session_id' => '',
  'prefix' => 'think',
  'type' => '',
  'auto_start' => true,
)
[ info ] [ DB ] INIT mysql
[ info ] [ LANG ] /home/www/admin/localhost_9001/wwwroot/public/../application/admin/lang/zh-cn/custom/contact.php
[ info ] [ RUN ] app\common\controller\Backend->index[ /home/www/admin/localhost_9001/wwwroot/application/admin/library/traits/Backend.php ]
[ info ] [ BEHAVIOR ] Run app\admin\behavior\AdminLog @app_end [ RunTime:0.000053s ]
[ info ] [ LOG ] INIT File
---------------------------------------------------------------
[ 2020-10-28T23:45:51+08:00 ] 127.0.0.1 GET 127.0.0.1:9001/WiGOXzphqV.php/custom/info/index?addtabs=1&sort=custom_id&order=desc&offset=0&limit=10&filter=%7B%7D&op=%7B%7D&_=1603899930144
[运行时间：0.023542s] [吞吐率：42.48req/s] [内存消耗：721.70kb] [文件加载：137]
[ info ] [ BEHAVIOR ] Run Closure @app_init [ RunTime:0.000019s ]
[ info ] [ CACHE ] INIT File
[ info ] [ BEHAVIOR ] Run Closure @app_init [ RunTime:0.000369s ]
[ info ] [ LANG ] /home/www/admin/localhost_9001/wwwroot/thinkphp/lang/zh-cn.php
[ info ] [ BEHAVIOR ] Run app\common\behavior\Common @app_dispatch [ RunTime:0.000060s ]
[ info ] [ ROUTE ] array (
  'type' => 'module',
  'module' => 
  array (
    0 => 'admin',
    1 => 'custom.info',
    2 => 'index',
  ),
)
[ info ] [ HEADER ] array (
  'cookie' => 'PHPSESSID=nv2kvldohdr5gjp3pmhtf24cbi',
  'accept-language' => 'zh-CN,zh;q=0.9',
  'accept-encoding' => 'gzip, deflate, br',
  'referer' => 'http://127.0.0.1:9001/WiGOXzphqV.php/custom/info?addtabs=1',
  'content-type' => 'application/json',
  'user-agent' => 'Mozilla/5.0 (X11; Linux x86_64) AppleWebKit/537.36 (KHTML, like Gecko) Chrome/69.0.3497.128 Safari/537.36 Qaxbrowser',
  'x-requested-with' => 'XMLHttpRequest',
  'accept' => 'application/json, text/javascript, */*; q=0.01',
  'connection' => 'keep-alive',
  'host' => '127.0.0.1:9001',
  'content-length' => '',
)
[ info ] [ PARAM ] array (
  'addtabs' => '1',
  'sort' => 'custom_id',
  'order' => 'desc',
  'offset' => '0',
  'limit' => '10',
  'filter' => '{}',
  'op' => '{}',
  '_' => '1603899930144',
)
[ info ] [ LANG ] /home/www/admin/localhost_9001/wwwroot/public/../application/admin/lang/zh-cn.php
[ info ] [ BEHAVIOR ] Run app\common\behavior\Common @module_init [ RunTime:0.000122s ]
[ info ] [ SESSION ] INIT array (
  'id' => '',
  'var_session_id' => '',
  'prefix' => 'think',
  'type' => '',
  'auto_start' => true,
)
[ info ] [ DB ] INIT mysql
[ info ] [ LANG ] /home/www/admin/localhost_9001/wwwroot/public/../application/admin/lang/zh-cn/custom/info.php
[ info ] [ RUN ] app\admin\controller\custom\Info->index[ /home/www/admin/localhost_9001/wwwroot/application/admin/controller/custom/Info.php ]
[ info ] [ BEHAVIOR ] Run app\admin\behavior\AdminLog @app_end [ RunTime:0.000040s ]
[ info ] [ LOG ] INIT File
---------------------------------------------------------------
[ 2020-10-28T23:46:02+08:00 ] 127.0.0.1 GET 127.0.0.1:9001/WiGOXzphqV.php/base/promotion?addtabs=1
[运行时间：0.020206s] [吞吐率：49.49req/s] [内存消耗：688.61kb] [文件加载：134]
[ info ] [ BEHAVIOR ] Run Closure @app_init [ RunTime:0.000020s ]
[ info ] [ CACHE ] INIT File
[ info ] [ BEHAVIOR ] Run Closure @app_init [ RunTime:0.000330s ]
[ info ] [ LANG ] /home/www/admin/localhost_9001/wwwroot/thinkphp/lang/zh-cn.php
[ info ] [ BEHAVIOR ] Run app\common\behavior\Common @app_dispatch [ RunTime:0.000052s ]
[ info ] [ ROUTE ] array (
  'type' => 'module',
  'module' => 
  array (
    0 => 'admin',
    1 => 'base.promotion',
    2 => NULL,
  ),
)
[ info ] [ HEADER ] array (
  'cookie' => 'PHPSESSID=nv2kvldohdr5gjp3pmhtf24cbi',
  'accept-language' => 'zh-CN,zh;q=0.9',
  'accept-encoding' => 'gzip, deflate, br',
  'referer' => 'http://127.0.0.1:9001/WiGOXzphqV.php/base/promotion?ref=addtabs',
  'accept' => 'text/html,application/xhtml+xml,application/xml;q=0.9,image/webp,image/apng,*/*;q=0.8',
  'user-agent' => 'Mozilla/5.0 (X11; Linux x86_64) AppleWebKit/537.36 (KHTML, like Gecko) Chrome/69.0.3497.128 Safari/537.36 Qaxbrowser',
  'upgrade-insecure-requests' => '1',
  'connection' => 'keep-alive',
  'host' => '127.0.0.1:9001',
  'content-length' => '',
  'content-type' => '',
)
[ info ] [ PARAM ] array (
  'addtabs' => '1',
)
[ info ] [ LANG ] /home/www/admin/localhost_9001/wwwroot/public/../application/admin/lang/zh-cn.php
[ info ] [ BEHAVIOR ] Run app\common\behavior\Common @module_init [ RunTime:0.000130s ]
[ info ] [ SESSION ] INIT array (
  'id' => '',
  'var_session_id' => '',
  'prefix' => 'think',
  'type' => '',
  'auto_start' => true,
)
[ info ] [ DB ] INIT mysql
[ info ] [ LANG ] /home/www/admin/localhost_9001/wwwroot/public/../application/admin/lang/zh-cn/base/promotion.php
[ info ] [ RUN ] app\common\controller\Backend->index[ /home/www/admin/localhost_9001/wwwroot/application/admin/library/traits/Backend.php ]
[ info ] [ VIEW ] /home/www/admin/localhost_9001/wwwroot/public/../application/admin/view/base/promotion/index.html [ array (
  0 => 'breadcrumb',
  1 => 'site',
  2 => 'config',
  3 => 'auth',
  4 => 'admin',
) ]
[ info ] [ BEHAVIOR ] Run app\admin\behavior\AdminLog @app_end [ RunTime:0.000058s ]
[ info ] [ LOG ] INIT File
---------------------------------------------------------------
[ 2020-10-28T23:46:03+08:00 ] 127.0.0.1 GET 127.0.0.1:9001/WiGOXzphqV.php/ajax/lang?callback=define&controllername=base.promotion&v=1603899962
[运行时间：0.011249s] [吞吐率：88.90req/s] [内存消耗：693.97kb] [文件加载：134]
[ info ] [ BEHAVIOR ] Run Closure @app_init [ RunTime:0.000022s ]
[ info ] [ CACHE ] INIT File
[ info ] [ BEHAVIOR ] Run Closure @app_init [ RunTime:0.000268s ]
[ info ] [ LANG ] /home/www/admin/localhost_9001/wwwroot/thinkphp/lang/zh-cn.php
[ info ] [ BEHAVIOR ] Run app\common\behavior\Common @app_dispatch [ RunTime:0.000042s ]
[ info ] [ ROUTE ] array (
  'type' => 'module',
  'module' => 
  array (
    0 => 'admin',
    1 => 'ajax',
    2 => 'lang',
  ),
)
[ info ] [ HEADER ] array (
  'cookie' => 'PHPSESSID=nv2kvldohdr5gjp3pmhtf24cbi',
  'accept-language' => 'zh-CN,zh;q=0.9',
  'accept-encoding' => 'gzip, deflate, br',
  'referer' => 'http://127.0.0.1:9001/WiGOXzphqV.php/base/promotion?addtabs=1',
  'accept' => '*/*',
  'user-agent' => 'Mozilla/5.0 (X11; Linux x86_64) AppleWebKit/537.36 (KHTML, like Gecko) Chrome/69.0.3497.128 Safari/537.36 Qaxbrowser',
  'connection' => 'keep-alive',
  'host' => '127.0.0.1:9001',
  'content-length' => '',
  'content-type' => '',
)
[ info ] [ PARAM ] array (
  'callback' => 'define',
  'controllername' => 'base.promotion',
  'v' => '1603899962',
)
[ info ] [ LANG ] /home/www/admin/localhost_9001/wwwroot/public/../application/admin/lang/zh-cn.php
[ info ] [ BEHAVIOR ] Run app\common\behavior\Common @module_init [ RunTime:0.000114s ]
[ info ] [ SESSION ] INIT array (
  'id' => '',
  'var_session_id' => '',
  'prefix' => 'think',
  'type' => '',
  'auto_start' => true,
)
[ info ] [ DB ] INIT mysql
[ info ] [ LANG ] /home/www/admin/localhost_9001/wwwroot/public/../application/admin/lang/zh-cn/ajax.php
[ info ] [ RUN ] app\admin\controller\Ajax->lang[ /home/www/admin/localhost_9001/wwwroot/application/admin/controller/Ajax.php ]
[ info ] [ LANG ] /home/www/admin/localhost_9001/wwwroot/public/../application/admin/lang/zh-cn/base/promotion.php
[ info ] [ BEHAVIOR ] Run app\admin\behavior\AdminLog @app_end [ RunTime:0.000042s ]
[ info ] [ LOG ] INIT File
---------------------------------------------------------------
[ 2020-10-28T23:46:03+08:00 ] 127.0.0.1 GET 127.0.0.1:9001/WiGOXzphqV.php/base/promotion/index?addtabs=1&sort=promotion_type_id&order=desc&offset=0&limit=10&filter=%7B%7D&op=%7B%7D&_=1603899963000
[运行时间：0.032111s] [吞吐率：31.14req/s] [内存消耗：693.38kb] [文件加载：136]
[ info ] [ BEHAVIOR ] Run Closure @app_init [ RunTime:0.000045s ]
[ info ] [ CACHE ] INIT File
[ info ] [ BEHAVIOR ] Run Closure @app_init [ RunTime:0.000356s ]
[ info ] [ LANG ] /home/www/admin/localhost_9001/wwwroot/thinkphp/lang/zh-cn.php
[ info ] [ BEHAVIOR ] Run app\common\behavior\Common @app_dispatch [ RunTime:0.000053s ]
[ info ] [ ROUTE ] array (
  'type' => 'module',
  'module' => 
  array (
    0 => 'admin',
    1 => 'base.promotion',
    2 => 'index',
  ),
)
[ info ] [ HEADER ] array (
  'cookie' => 'PHPSESSID=nv2kvldohdr5gjp3pmhtf24cbi',
  'accept-language' => 'zh-CN,zh;q=0.9',
  'accept-encoding' => 'gzip, deflate, br',
  'referer' => 'http://127.0.0.1:9001/WiGOXzphqV.php/base/promotion?addtabs=1',
  'content-type' => 'application/json',
  'user-agent' => 'Mozilla/5.0 (X11; Linux x86_64) AppleWebKit/537.36 (KHTML, like Gecko) Chrome/69.0.3497.128 Safari/537.36 Qaxbrowser',
  'x-requested-with' => 'XMLHttpRequest',
  'accept' => 'application/json, text/javascript, */*; q=0.01',
  'connection' => 'keep-alive',
  'host' => '127.0.0.1:9001',
  'content-length' => '',
)
[ info ] [ PARAM ] array (
  'addtabs' => '1',
  'sort' => 'promotion_type_id',
  'order' => 'desc',
  'offset' => '0',
  'limit' => '10',
  'filter' => '{}',
  'op' => '{}',
  '_' => '1603899963000',
)
[ info ] [ LANG ] /home/www/admin/localhost_9001/wwwroot/public/../application/admin/lang/zh-cn.php
[ info ] [ BEHAVIOR ] Run app\common\behavior\Common @module_init [ RunTime:0.000126s ]
[ info ] [ SESSION ] INIT array (
  'id' => '',
  'var_session_id' => '',
  'prefix' => 'think',
  'type' => '',
  'auto_start' => true,
)
[ info ] [ DB ] INIT mysql
[ info ] [ LANG ] /home/www/admin/localhost_9001/wwwroot/public/../application/admin/lang/zh-cn/base/promotion.php
[ info ] [ RUN ] app\common\controller\Backend->index[ /home/www/admin/localhost_9001/wwwroot/application/admin/library/traits/Backend.php ]
[ info ] [ BEHAVIOR ] Run app\admin\behavior\AdminLog @app_end [ RunTime:0.000086s ]
[ info ] [ LOG ] INIT File
---------------------------------------------------------------
[ 2020-10-28T23:46:04+08:00 ] 127.0.0.1 GET 127.0.0.1:9001/WiGOXzphqV.php/base/customtype?addtabs=1
[运行时间：0.020103s] [吞吐率：49.74req/s] [内存消耗：688.60kb] [文件加载：134]
[ info ] [ BEHAVIOR ] Run Closure @app_init [ RunTime:0.000058s ]
[ info ] [ CACHE ] INIT File
[ info ] [ BEHAVIOR ] Run Closure @app_init [ RunTime:0.000630s ]
[ info ] [ LANG ] /home/www/admin/localhost_9001/wwwroot/thinkphp/lang/zh-cn.php
[ info ] [ BEHAVIOR ] Run app\common\behavior\Common @app_dispatch [ RunTime:0.000062s ]
[ info ] [ ROUTE ] array (
  'type' => 'module',
  'module' => 
  array (
    0 => 'admin',
    1 => 'base.customtype',
    2 => NULL,
  ),
)
[ info ] [ HEADER ] array (
  'cookie' => 'PHPSESSID=nv2kvldohdr5gjp3pmhtf24cbi',
  'accept-language' => 'zh-CN,zh;q=0.9',
  'accept-encoding' => 'gzip, deflate, br',
  'referer' => 'http://127.0.0.1:9001/WiGOXzphqV.php/base/customtype?ref=addtabs',
  'accept' => 'text/html,application/xhtml+xml,application/xml;q=0.9,image/webp,image/apng,*/*;q=0.8',
  'user-agent' => 'Mozilla/5.0 (X11; Linux x86_64) AppleWebKit/537.36 (KHTML, like Gecko) Chrome/69.0.3497.128 Safari/537.36 Qaxbrowser',
  'upgrade-insecure-requests' => '1',
  'connection' => 'keep-alive',
  'host' => '127.0.0.1:9001',
  'content-length' => '',
  'content-type' => '',
)
[ info ] [ PARAM ] array (
  'addtabs' => '1',
)
[ info ] [ LANG ] /home/www/admin/localhost_9001/wwwroot/public/../application/admin/lang/zh-cn.php
[ info ] [ BEHAVIOR ] Run app\common\behavior\Common @module_init [ RunTime:0.000179s ]
[ info ] [ SESSION ] INIT array (
  'id' => '',
  'var_session_id' => '',
  'prefix' => 'think',
  'type' => '',
  'auto_start' => true,
)
[ info ] [ DB ] INIT mysql
[ info ] [ LANG ] /home/www/admin/localhost_9001/wwwroot/public/../application/admin/lang/zh-cn/base/customtype.php
[ info ] [ RUN ] app\common\controller\Backend->index[ /home/www/admin/localhost_9001/wwwroot/application/admin/library/traits/Backend.php ]
[ info ] [ VIEW ] /home/www/admin/localhost_9001/wwwroot/public/../application/admin/view/base/customtype/index.html [ array (
  0 => 'breadcrumb',
  1 => 'site',
  2 => 'config',
  3 => 'auth',
  4 => 'admin',
) ]
[ info ] [ BEHAVIOR ] Run app\admin\behavior\AdminLog @app_end [ RunTime:0.000047s ]
[ info ] [ LOG ] INIT File
---------------------------------------------------------------
[ 2020-10-28T23:46:04+08:00 ] 127.0.0.1 GET 127.0.0.1:9001/WiGOXzphqV.php/ajax/lang?callback=define&controllername=base.customtype&v=1603899964
[运行时间：0.012145s] [吞吐率：82.34req/s] [内存消耗：693.96kb] [文件加载：134]
[ info ] [ BEHAVIOR ] Run Closure @app_init [ RunTime:0.000017s ]
[ info ] [ CACHE ] INIT File
[ info ] [ BEHAVIOR ] Run Closure @app_init [ RunTime:0.000253s ]
[ info ] [ LANG ] /home/www/admin/localhost_9001/wwwroot/thinkphp/lang/zh-cn.php
[ info ] [ BEHAVIOR ] Run app\common\behavior\Common @app_dispatch [ RunTime:0.000034s ]
[ info ] [ ROUTE ] array (
  'type' => 'module',
  'module' => 
  array (
    0 => 'admin',
    1 => 'ajax',
    2 => 'lang',
  ),
)
[ info ] [ HEADER ] array (
  'cookie' => 'PHPSESSID=nv2kvldohdr5gjp3pmhtf24cbi',
  'accept-language' => 'zh-CN,zh;q=0.9',
  'accept-encoding' => 'gzip, deflate, br',
  'referer' => 'http://127.0.0.1:9001/WiGOXzphqV.php/base/customtype?addtabs=1',
  'accept' => '*/*',
  'user-agent' => 'Mozilla/5.0 (X11; Linux x86_64) AppleWebKit/537.36 (KHTML, like Gecko) Chrome/69.0.3497.128 Safari/537.36 Qaxbrowser',
  'connection' => 'keep-alive',
  'host' => '127.0.0.1:9001',
  'content-length' => '',
  'content-type' => '',
)
[ info ] [ PARAM ] array (
  'callback' => 'define',
  'controllername' => 'base.customtype',
  'v' => '1603899964',
)
[ info ] [ LANG ] /home/www/admin/localhost_9001/wwwroot/public/../application/admin/lang/zh-cn.php
[ info ] [ BEHAVIOR ] Run app\common\behavior\Common @module_init [ RunTime:0.000093s ]
[ info ] [ SESSION ] INIT array (
  'id' => '',
  'var_session_id' => '',
  'prefix' => 'think',
  'type' => '',
  'auto_start' => true,
)
[ info ] [ DB ] INIT mysql
[ info ] [ LANG ] /home/www/admin/localhost_9001/wwwroot/public/../application/admin/lang/zh-cn/ajax.php
[ info ] [ RUN ] app\admin\controller\Ajax->lang[ /home/www/admin/localhost_9001/wwwroot/application/admin/controller/Ajax.php ]
[ info ] [ LANG ] /home/www/admin/localhost_9001/wwwroot/public/../application/admin/lang/zh-cn/base/customtype.php
[ info ] [ BEHAVIOR ] Run app\admin\behavior\AdminLog @app_end [ RunTime:0.000050s ]
[ info ] [ LOG ] INIT File
---------------------------------------------------------------
[ 2020-10-28T23:46:05+08:00 ] 127.0.0.1 GET 127.0.0.1:9001/WiGOXzphqV.php/base/customtype/index?addtabs=1&sort=custom_type_id&order=desc&offset=0&limit=10&filter=%7B%7D&op=%7B%7D&_=1603899964844
[运行时间：0.032766s] [吞吐率：30.52req/s] [内存消耗：693.01kb] [文件加载：136]
[ info ] [ BEHAVIOR ] Run Closure @app_init [ RunTime:0.000032s ]
[ info ] [ CACHE ] INIT File
[ info ] [ BEHAVIOR ] Run Closure @app_init [ RunTime:0.000417s ]
[ info ] [ LANG ] /home/www/admin/localhost_9001/wwwroot/thinkphp/lang/zh-cn.php
[ info ] [ BEHAVIOR ] Run app\common\behavior\Common @app_dispatch [ RunTime:0.000068s ]
[ info ] [ ROUTE ] array (
  'type' => 'module',
  'module' => 
  array (
    0 => 'admin',
    1 => 'base.customtype',
    2 => 'index',
  ),
)
[ info ] [ HEADER ] array (
  'cookie' => 'PHPSESSID=nv2kvldohdr5gjp3pmhtf24cbi',
  'accept-language' => 'zh-CN,zh;q=0.9',
  'accept-encoding' => 'gzip, deflate, br',
  'referer' => 'http://127.0.0.1:9001/WiGOXzphqV.php/base/customtype?addtabs=1',
  'content-type' => 'application/json',
  'user-agent' => 'Mozilla/5.0 (X11; Linux x86_64) AppleWebKit/537.36 (KHTML, like Gecko) Chrome/69.0.3497.128 Safari/537.36 Qaxbrowser',
  'x-requested-with' => 'XMLHttpRequest',
  'accept' => 'application/json, text/javascript, */*; q=0.01',
  'connection' => 'keep-alive',
  'host' => '127.0.0.1:9001',
  'content-length' => '',
)
[ info ] [ PARAM ] array (
  'addtabs' => '1',
  'sort' => 'custom_type_id',
  'order' => 'desc',
  'offset' => '0',
  'limit' => '10',
  'filter' => '{}',
  'op' => '{}',
  '_' => '1603899964844',
)
[ info ] [ LANG ] /home/www/admin/localhost_9001/wwwroot/public/../application/admin/lang/zh-cn.php
[ info ] [ BEHAVIOR ] Run app\common\behavior\Common @module_init [ RunTime:0.000131s ]
[ info ] [ SESSION ] INIT array (
  'id' => '',
  'var_session_id' => '',
  'prefix' => 'think',
  'type' => '',
  'auto_start' => true,
)
[ info ] [ DB ] INIT mysql
[ info ] [ LANG ] /home/www/admin/localhost_9001/wwwroot/public/../application/admin/lang/zh-cn/base/customtype.php
[ info ] [ RUN ] app\common\controller\Backend->index[ /home/www/admin/localhost_9001/wwwroot/application/admin/library/traits/Backend.php ]
[ info ] [ BEHAVIOR ] Run app\admin\behavior\AdminLog @app_end [ RunTime:0.000052s ]
[ info ] [ LOG ] INIT File
---------------------------------------------------------------
[ 2020-10-28T23:46:05+08:00 ] 127.0.0.1 GET 127.0.0.1:9001/WiGOXzphqV.php/base/industry?addtabs=1
[运行时间：0.029300s] [吞吐率：34.13req/s] [内存消耗：688.60kb] [文件加载：134]
[ info ] [ BEHAVIOR ] Run Closure @app_init [ RunTime:0.000029s ]
[ info ] [ CACHE ] INIT File
[ info ] [ BEHAVIOR ] Run Closure @app_init [ RunTime:0.000833s ]
[ info ] [ LANG ] /home/www/admin/localhost_9001/wwwroot/thinkphp/lang/zh-cn.php
[ info ] [ BEHAVIOR ] Run app\common\behavior\Common @app_dispatch [ RunTime:0.000072s ]
[ info ] [ ROUTE ] array (
  'type' => 'module',
  'module' => 
  array (
    0 => 'admin',
    1 => 'base.industry',
    2 => NULL,
  ),
)
[ info ] [ HEADER ] array (
  'cookie' => 'PHPSESSID=nv2kvldohdr5gjp3pmhtf24cbi',
  'accept-language' => 'zh-CN,zh;q=0.9',
  'accept-encoding' => 'gzip, deflate, br',
  'referer' => 'http://127.0.0.1:9001/WiGOXzphqV.php/base/industry?ref=addtabs',
  'accept' => 'text/html,application/xhtml+xml,application/xml;q=0.9,image/webp,image/apng,*/*;q=0.8',
  'user-agent' => 'Mozilla/5.0 (X11; Linux x86_64) AppleWebKit/537.36 (KHTML, like Gecko) Chrome/69.0.3497.128 Safari/537.36 Qaxbrowser',
  'upgrade-insecure-requests' => '1',
  'connection' => 'keep-alive',
  'host' => '127.0.0.1:9001',
  'content-length' => '',
  'content-type' => '',
)
[ info ] [ PARAM ] array (
  'addtabs' => '1',
)
[ info ] [ LANG ] /home/www/admin/localhost_9001/wwwroot/public/../application/admin/lang/zh-cn.php
[ info ] [ BEHAVIOR ] Run app\common\behavior\Common @module_init [ RunTime:0.000134s ]
[ info ] [ SESSION ] INIT array (
  'id' => '',
  'var_session_id' => '',
  'prefix' => 'think',
  'type' => '',
  'auto_start' => true,
)
[ info ] [ DB ] INIT mysql
[ info ] [ LANG ] /home/www/admin/localhost_9001/wwwroot/public/../application/admin/lang/zh-cn/base/industry.php
[ info ] [ RUN ] app\common\controller\Backend->index[ /home/www/admin/localhost_9001/wwwroot/application/admin/library/traits/Backend.php ]
[ info ] [ VIEW ] /home/www/admin/localhost_9001/wwwroot/public/../application/admin/view/base/industry/index.html [ array (
  0 => 'breadcrumb',
  1 => 'site',
  2 => 'config',
  3 => 'auth',
  4 => 'admin',
) ]
[ info ] [ BEHAVIOR ] Run app\admin\behavior\AdminLog @app_end [ RunTime:0.000090s ]
[ info ] [ LOG ] INIT File
---------------------------------------------------------------
[ 2020-10-28T23:46:06+08:00 ] 127.0.0.1 GET 127.0.0.1:9001/WiGOXzphqV.php/ajax/lang?callback=define&controllername=base.industry&v=1603899965
[运行时间：0.017116s] [吞吐率：58.43req/s] [内存消耗：693.97kb] [文件加载：134]
[ info ] [ BEHAVIOR ] Run Closure @app_init [ RunTime:0.000027s ]
[ info ] [ CACHE ] INIT File
[ info ] [ BEHAVIOR ] Run Closure @app_init [ RunTime:0.000352s ]
[ info ] [ LANG ] /home/www/admin/localhost_9001/wwwroot/thinkphp/lang/zh-cn.php
[ info ] [ BEHAVIOR ] Run app\common\behavior\Common @app_dispatch [ RunTime:0.000040s ]
[ info ] [ ROUTE ] array (
  'type' => 'module',
  'module' => 
  array (
    0 => 'admin',
    1 => 'ajax',
    2 => 'lang',
  ),
)
[ info ] [ HEADER ] array (
  'cookie' => 'PHPSESSID=nv2kvldohdr5gjp3pmhtf24cbi',
  'accept-language' => 'zh-CN,zh;q=0.9',
  'accept-encoding' => 'gzip, deflate, br',
  'referer' => 'http://127.0.0.1:9001/WiGOXzphqV.php/base/industry?addtabs=1',
  'accept' => '*/*',
  'user-agent' => 'Mozilla/5.0 (X11; Linux x86_64) AppleWebKit/537.36 (KHTML, like Gecko) Chrome/69.0.3497.128 Safari/537.36 Qaxbrowser',
  'connection' => 'keep-alive',
  'host' => '127.0.0.1:9001',
  'content-length' => '',
  'content-type' => '',
)
[ info ] [ PARAM ] array (
  'callback' => 'define',
  'controllername' => 'base.industry',
  'v' => '1603899965',
)
[ info ] [ LANG ] /home/www/admin/localhost_9001/wwwroot/public/../application/admin/lang/zh-cn.php
[ info ] [ BEHAVIOR ] Run app\common\behavior\Common @module_init [ RunTime:0.000121s ]
[ info ] [ SESSION ] INIT array (
  'id' => '',
  'var_session_id' => '',
  'prefix' => 'think',
  'type' => '',
  'auto_start' => true,
)
[ info ] [ DB ] INIT mysql
[ info ] [ LANG ] /home/www/admin/localhost_9001/wwwroot/public/../application/admin/lang/zh-cn/ajax.php
[ info ] [ RUN ] app\admin\controller\Ajax->lang[ /home/www/admin/localhost_9001/wwwroot/application/admin/controller/Ajax.php ]
[ info ] [ LANG ] /home/www/admin/localhost_9001/wwwroot/public/../application/admin/lang/zh-cn/base/industry.php
[ info ] [ BEHAVIOR ] Run app\admin\behavior\AdminLog @app_end [ RunTime:0.000041s ]
[ info ] [ LOG ] INIT File
---------------------------------------------------------------
[ 2020-10-28T23:46:06+08:00 ] 127.0.0.1 GET 127.0.0.1:9001/WiGOXzphqV.php/base/industry/index?addtabs=1&sort=custom_industry_id&order=desc&offset=0&limit=10&filter=%7B%7D&op=%7B%7D&_=1603899966137
[运行时间：0.033115s] [吞吐率：30.20req/s] [内存消耗：692.94kb] [文件加载：136]
[ info ] [ BEHAVIOR ] Run Closure @app_init [ RunTime:0.000026s ]
[ info ] [ CACHE ] INIT File
[ info ] [ BEHAVIOR ] Run Closure @app_init [ RunTime:0.000274s ]
[ info ] [ LANG ] /home/www/admin/localhost_9001/wwwroot/thinkphp/lang/zh-cn.php
[ info ] [ BEHAVIOR ] Run app\common\behavior\Common @app_dispatch [ RunTime:0.000037s ]
[ info ] [ ROUTE ] array (
  'type' => 'module',
  'module' => 
  array (
    0 => 'admin',
    1 => 'base.industry',
    2 => 'index',
  ),
)
[ info ] [ HEADER ] array (
  'cookie' => 'PHPSESSID=nv2kvldohdr5gjp3pmhtf24cbi',
  'accept-language' => 'zh-CN,zh;q=0.9',
  'accept-encoding' => 'gzip, deflate, br',
  'referer' => 'http://127.0.0.1:9001/WiGOXzphqV.php/base/industry?addtabs=1',
  'content-type' => 'application/json',
  'user-agent' => 'Mozilla/5.0 (X11; Linux x86_64) AppleWebKit/537.36 (KHTML, like Gecko) Chrome/69.0.3497.128 Safari/537.36 Qaxbrowser',
  'x-requested-with' => 'XMLHttpRequest',
  'accept' => 'application/json, text/javascript, */*; q=0.01',
  'connection' => 'keep-alive',
  'host' => '127.0.0.1:9001',
  'content-length' => '',
)
[ info ] [ PARAM ] array (
  'addtabs' => '1',
  'sort' => 'custom_industry_id',
  'order' => 'desc',
  'offset' => '0',
  'limit' => '10',
  'filter' => '{}',
  'op' => '{}',
  '_' => '1603899966137',
)
[ info ] [ LANG ] /home/www/admin/localhost_9001/wwwroot/public/../application/admin/lang/zh-cn.php
[ info ] [ BEHAVIOR ] Run app\common\behavior\Common @module_init [ RunTime:0.000108s ]
[ info ] [ SESSION ] INIT array (
  'id' => '',
  'var_session_id' => '',
  'prefix' => 'think',
  'type' => '',
  'auto_start' => true,
)
[ info ] [ DB ] INIT mysql
[ info ] [ LANG ] /home/www/admin/localhost_9001/wwwroot/public/../application/admin/lang/zh-cn/base/industry.php
[ info ] [ RUN ] app\common\controller\Backend->index[ /home/www/admin/localhost_9001/wwwroot/application/admin/library/traits/Backend.php ]
[ info ] [ BEHAVIOR ] Run app\admin\behavior\AdminLog @app_end [ RunTime:0.000061s ]
[ info ] [ LOG ] INIT File
---------------------------------------------------------------
[ 2020-10-28T23:46:07+08:00 ] 127.0.0.1 GET 127.0.0.1:9001/WiGOXzphqV.php/base/server?addtabs=1
[运行时间：0.020887s] [吞吐率：47.88req/s] [内存消耗：688.58kb] [文件加载：134]
[ info ] [ BEHAVIOR ] Run Closure @app_init [ RunTime:0.000019s ]
[ info ] [ CACHE ] INIT File
[ info ] [ BEHAVIOR ] Run Closure @app_init [ RunTime:0.000257s ]
[ info ] [ LANG ] /home/www/admin/localhost_9001/wwwroot/thinkphp/lang/zh-cn.php
[ info ] [ BEHAVIOR ] Run app\common\behavior\Common @app_dispatch [ RunTime:0.000033s ]
[ info ] [ ROUTE ] array (
  'type' => 'module',
  'module' => 
  array (
    0 => 'admin',
    1 => 'base.server',
    2 => NULL,
  ),
)
[ info ] [ HEADER ] array (
  'cookie' => 'PHPSESSID=nv2kvldohdr5gjp3pmhtf24cbi',
  'accept-language' => 'zh-CN,zh;q=0.9',
  'accept-encoding' => 'gzip, deflate, br',
  'referer' => 'http://127.0.0.1:9001/WiGOXzphqV.php/base/server?ref=addtabs',
  'accept' => 'text/html,application/xhtml+xml,application/xml;q=0.9,image/webp,image/apng,*/*;q=0.8',
  'user-agent' => 'Mozilla/5.0 (X11; Linux x86_64) AppleWebKit/537.36 (KHTML, like Gecko) Chrome/69.0.3497.128 Safari/537.36 Qaxbrowser',
  'upgrade-insecure-requests' => '1',
  'connection' => 'keep-alive',
  'host' => '127.0.0.1:9001',
  'content-length' => '',
  'content-type' => '',
)
[ info ] [ PARAM ] array (
  'addtabs' => '1',
)
[ info ] [ LANG ] /home/www/admin/localhost_9001/wwwroot/public/../application/admin/lang/zh-cn.php
[ info ] [ BEHAVIOR ] Run app\common\behavior\Common @module_init [ RunTime:0.000085s ]
[ info ] [ SESSION ] INIT array (
  'id' => '',
  'var_session_id' => '',
  'prefix' => 'think',
  'type' => '',
  'auto_start' => true,
)
[ info ] [ DB ] INIT mysql
[ info ] [ LANG ] /home/www/admin/localhost_9001/wwwroot/public/../application/admin/lang/zh-cn/base/server.php
[ info ] [ RUN ] app\common\controller\Backend->index[ /home/www/admin/localhost_9001/wwwroot/application/admin/library/traits/Backend.php ]
[ info ] [ VIEW ] /home/www/admin/localhost_9001/wwwroot/public/../application/admin/view/base/server/index.html [ array (
  0 => 'breadcrumb',
  1 => 'site',
  2 => 'config',
  3 => 'auth',
  4 => 'admin',
) ]
[ info ] [ BEHAVIOR ] Run app\admin\behavior\AdminLog @app_end [ RunTime:0.000035s ]
[ info ] [ LOG ] INIT File
---------------------------------------------------------------
[ 2020-10-28T23:46:07+08:00 ] 127.0.0.1 GET 127.0.0.1:9001/WiGOXzphqV.php/ajax/lang?callback=define&controllername=base.server&v=1603899967
[运行时间：0.013182s] [吞吐率：75.86req/s] [内存消耗：693.94kb] [文件加载：134]
[ info ] [ BEHAVIOR ] Run Closure @app_init [ RunTime:0.000024s ]
[ info ] [ CACHE ] INIT File
[ info ] [ BEHAVIOR ] Run Closure @app_init [ RunTime:0.000294s ]
[ info ] [ LANG ] /home/www/admin/localhost_9001/wwwroot/thinkphp/lang/zh-cn.php
[ info ] [ BEHAVIOR ] Run app\common\behavior\Common @app_dispatch [ RunTime:0.000051s ]
[ info ] [ ROUTE ] array (
  'type' => 'module',
  'module' => 
  array (
    0 => 'admin',
    1 => 'ajax',
    2 => 'lang',
  ),
)
[ info ] [ HEADER ] array (
  'cookie' => 'PHPSESSID=nv2kvldohdr5gjp3pmhtf24cbi',
  'accept-language' => 'zh-CN,zh;q=0.9',
  'accept-encoding' => 'gzip, deflate, br',
  'referer' => 'http://127.0.0.1:9001/WiGOXzphqV.php/base/server?addtabs=1',
  'accept' => '*/*',
  'user-agent' => 'Mozilla/5.0 (X11; Linux x86_64) AppleWebKit/537.36 (KHTML, like Gecko) Chrome/69.0.3497.128 Safari/537.36 Qaxbrowser',
  'connection' => 'keep-alive',
  'host' => '127.0.0.1:9001',
  'content-length' => '',
  'content-type' => '',
)
[ info ] [ PARAM ] array (
  'callback' => 'define',
  'controllername' => 'base.server',
  'v' => '1603899967',
)
[ info ] [ LANG ] /home/www/admin/localhost_9001/wwwroot/public/../application/admin/lang/zh-cn.php
[ info ] [ BEHAVIOR ] Run app\common\behavior\Common @module_init [ RunTime:0.000127s ]
[ info ] [ SESSION ] INIT array (
  'id' => '',
  'var_session_id' => '',
  'prefix' => 'think',
  'type' => '',
  'auto_start' => true,
)
[ info ] [ DB ] INIT mysql
[ info ] [ LANG ] /home/www/admin/localhost_9001/wwwroot/public/../application/admin/lang/zh-cn/ajax.php
[ info ] [ RUN ] app\admin\controller\Ajax->lang[ /home/www/admin/localhost_9001/wwwroot/application/admin/controller/Ajax.php ]
[ info ] [ LANG ] /home/www/admin/localhost_9001/wwwroot/public/../application/admin/lang/zh-cn/base/server.php
[ info ] [ BEHAVIOR ] Run app\admin\behavior\AdminLog @app_end [ RunTime:0.000027s ]
[ info ] [ LOG ] INIT File
---------------------------------------------------------------
[ 2020-10-28T23:46:07+08:00 ] 127.0.0.1 GET 127.0.0.1:9001/WiGOXzphqV.php/base/server/index?addtabs=1&sort=custom_server_id&order=desc&offset=0&limit=10&filter=%7B%7D&op=%7B%7D&_=1603899967363
[运行时间：0.035197s] [吞吐率：28.41req/s] [内存消耗：692.91kb] [文件加载：136]
[ info ] [ BEHAVIOR ] Run Closure @app_init [ RunTime:0.000016s ]
[ info ] [ CACHE ] INIT File
[ info ] [ BEHAVIOR ] Run Closure @app_init [ RunTime:0.000235s ]
[ info ] [ LANG ] /home/www/admin/localhost_9001/wwwroot/thinkphp/lang/zh-cn.php
[ info ] [ BEHAVIOR ] Run app\common\behavior\Common @app_dispatch [ RunTime:0.000033s ]
[ info ] [ ROUTE ] array (
  'type' => 'module',
  'module' => 
  array (
    0 => 'admin',
    1 => 'base.server',
    2 => 'index',
  ),
)
[ info ] [ HEADER ] array (
  'cookie' => 'PHPSESSID=nv2kvldohdr5gjp3pmhtf24cbi',
  'accept-language' => 'zh-CN,zh;q=0.9',
  'accept-encoding' => 'gzip, deflate, br',
  'referer' => 'http://127.0.0.1:9001/WiGOXzphqV.php/base/server?addtabs=1',
  'content-type' => 'application/json',
  'user-agent' => 'Mozilla/5.0 (X11; Linux x86_64) AppleWebKit/537.36 (KHTML, like Gecko) Chrome/69.0.3497.128 Safari/537.36 Qaxbrowser',
  'x-requested-with' => 'XMLHttpRequest',
  'accept' => 'application/json, text/javascript, */*; q=0.01',
  'connection' => 'keep-alive',
  'host' => '127.0.0.1:9001',
  'content-length' => '',
)
[ info ] [ PARAM ] array (
  'addtabs' => '1',
  'sort' => 'custom_server_id',
  'order' => 'desc',
  'offset' => '0',
  'limit' => '10',
  'filter' => '{}',
  'op' => '{}',
  '_' => '1603899967363',
)
[ info ] [ LANG ] /home/www/admin/localhost_9001/wwwroot/public/../application/admin/lang/zh-cn.php
[ info ] [ BEHAVIOR ] Run app\common\behavior\Common @module_init [ RunTime:0.000085s ]
[ info ] [ SESSION ] INIT array (
  'id' => '',
  'var_session_id' => '',
  'prefix' => 'think',
  'type' => '',
  'auto_start' => true,
)
[ info ] [ DB ] INIT mysql
[ info ] [ LANG ] /home/www/admin/localhost_9001/wwwroot/public/../application/admin/lang/zh-cn/base/server.php
[ info ] [ RUN ] app\common\controller\Backend->index[ /home/www/admin/localhost_9001/wwwroot/application/admin/library/traits/Backend.php ]
[ info ] [ BEHAVIOR ] Run app\admin\behavior\AdminLog @app_end [ RunTime:0.000037s ]
[ info ] [ LOG ] INIT File
---------------------------------------------------------------
[ 2020-10-28T23:46:09+08:00 ] 127.0.0.1 GET 127.0.0.1:9001/WiGOXzphqV.php/base/onlinestatus?addtabs=1
[运行时间：0.020938s] [吞吐率：47.76req/s] [内存消耗：688.70kb] [文件加载：134]
[ info ] [ BEHAVIOR ] Run Closure @app_init [ RunTime:0.000021s ]
[ info ] [ CACHE ] INIT File
[ info ] [ BEHAVIOR ] Run Closure @app_init [ RunTime:0.000299s ]
[ info ] [ LANG ] /home/www/admin/localhost_9001/wwwroot/thinkphp/lang/zh-cn.php
[ info ] [ BEHAVIOR ] Run app\common\behavior\Common @app_dispatch [ RunTime:0.000037s ]
[ info ] [ ROUTE ] array (
  'type' => 'module',
  'module' => 
  array (
    0 => 'admin',
    1 => 'base.onlinestatus',
    2 => NULL,
  ),
)
[ info ] [ HEADER ] array (
  'cookie' => 'PHPSESSID=nv2kvldohdr5gjp3pmhtf24cbi',
  'accept-language' => 'zh-CN,zh;q=0.9',
  'accept-encoding' => 'gzip, deflate, br',
  'referer' => 'http://127.0.0.1:9001/WiGOXzphqV.php/base/onlinestatus?ref=addtabs',
  'accept' => 'text/html,application/xhtml+xml,application/xml;q=0.9,image/webp,image/apng,*/*;q=0.8',
  'user-agent' => 'Mozilla/5.0 (X11; Linux x86_64) AppleWebKit/537.36 (KHTML, like Gecko) Chrome/69.0.3497.128 Safari/537.36 Qaxbrowser',
  'upgrade-insecure-requests' => '1',
  'connection' => 'keep-alive',
  'host' => '127.0.0.1:9001',
  'content-length' => '',
  'content-type' => '',
)
[ info ] [ PARAM ] array (
  'addtabs' => '1',
)
[ info ] [ LANG ] /home/www/admin/localhost_9001/wwwroot/public/../application/admin/lang/zh-cn.php
[ info ] [ BEHAVIOR ] Run app\common\behavior\Common @module_init [ RunTime:0.000092s ]
[ info ] [ SESSION ] INIT array (
  'id' => '',
  'var_session_id' => '',
  'prefix' => 'think',
  'type' => '',
  'auto_start' => true,
)
[ info ] [ DB ] INIT mysql
[ info ] [ LANG ] /home/www/admin/localhost_9001/wwwroot/public/../application/admin/lang/zh-cn/base/onlinestatus.php
[ info ] [ RUN ] app\common\controller\Backend->index[ /home/www/admin/localhost_9001/wwwroot/application/admin/library/traits/Backend.php ]
[ info ] [ VIEW ] /home/www/admin/localhost_9001/wwwroot/public/../application/admin/view/base/onlinestatus/index.html [ array (
  0 => 'breadcrumb',
  1 => 'site',
  2 => 'config',
  3 => 'auth',
  4 => 'admin',
) ]
[ info ] [ BEHAVIOR ] Run app\admin\behavior\AdminLog @app_end [ RunTime:0.000039s ]
[ info ] [ LOG ] INIT File
---------------------------------------------------------------
[ 2020-10-28T23:46:09+08:00 ] 127.0.0.1 GET 127.0.0.1:9001/WiGOXzphqV.php/ajax/lang?callback=define&controllername=base.onlinestatus&v=1603899969
[运行时间：0.014447s] [吞吐率：69.22req/s] [内存消耗：693.98kb] [文件加载：134]
[ info ] [ BEHAVIOR ] Run Closure @app_init [ RunTime:0.000024s ]
[ info ] [ CACHE ] INIT File
[ info ] [ BEHAVIOR ] Run Closure @app_init [ RunTime:0.000292s ]
[ info ] [ LANG ] /home/www/admin/localhost_9001/wwwroot/thinkphp/lang/zh-cn.php
[ info ] [ BEHAVIOR ] Run app\common\behavior\Common @app_dispatch [ RunTime:0.000060s ]
[ info ] [ ROUTE ] array (
  'type' => 'module',
  'module' => 
  array (
    0 => 'admin',
    1 => 'ajax',
    2 => 'lang',
  ),
)
[ info ] [ HEADER ] array (
  'cookie' => 'PHPSESSID=nv2kvldohdr5gjp3pmhtf24cbi',
  'accept-language' => 'zh-CN,zh;q=0.9',
  'accept-encoding' => 'gzip, deflate, br',
  'referer' => 'http://127.0.0.1:9001/WiGOXzphqV.php/base/onlinestatus?addtabs=1',
  'accept' => '*/*',
  'user-agent' => 'Mozilla/5.0 (X11; Linux x86_64) AppleWebKit/537.36 (KHTML, like Gecko) Chrome/69.0.3497.128 Safari/537.36 Qaxbrowser',
  'connection' => 'keep-alive',
  'host' => '127.0.0.1:9001',
  'content-length' => '',
  'content-type' => '',
)
[ info ] [ PARAM ] array (
  'callback' => 'define',
  'controllername' => 'base.onlinestatus',
  'v' => '1603899969',
)
[ info ] [ LANG ] /home/www/admin/localhost_9001/wwwroot/public/../application/admin/lang/zh-cn.php
[ info ] [ BEHAVIOR ] Run app\common\behavior\Common @module_init [ RunTime:0.000159s ]
[ info ] [ SESSION ] INIT array (
  'id' => '',
  'var_session_id' => '',
  'prefix' => 'think',
  'type' => '',
  'auto_start' => true,
)
[ info ] [ DB ] INIT mysql
[ info ] [ LANG ] /home/www/admin/localhost_9001/wwwroot/public/../application/admin/lang/zh-cn/ajax.php
[ info ] [ RUN ] app\admin\controller\Ajax->lang[ /home/www/admin/localhost_9001/wwwroot/application/admin/controller/Ajax.php ]
[ info ] [ LANG ] /home/www/admin/localhost_9001/wwwroot/public/../application/admin/lang/zh-cn/base/onlinestatus.php
[ info ] [ BEHAVIOR ] Run app\admin\behavior\AdminLog @app_end [ RunTime:0.000030s ]
[ info ] [ LOG ] INIT File
---------------------------------------------------------------
[ 2020-10-28T23:46:09+08:00 ] 127.0.0.1 GET 127.0.0.1:9001/WiGOXzphqV.php/base/onlinestatus/index?addtabs=1&sort=custom_online_status_id&order=desc&offset=0&limit=10&filter=%7B%7D&op=%7B%7D&_=1603899969353
[运行时间：0.028900s] [吞吐率：34.60req/s] [内存消耗：693.00kb] [文件加载：136]
[ info ] [ BEHAVIOR ] Run Closure @app_init [ RunTime:0.000021s ]
[ info ] [ CACHE ] INIT File
[ info ] [ BEHAVIOR ] Run Closure @app_init [ RunTime:0.000413s ]
[ info ] [ LANG ] /home/www/admin/localhost_9001/wwwroot/thinkphp/lang/zh-cn.php
[ info ] [ BEHAVIOR ] Run app\common\behavior\Common @app_dispatch [ RunTime:0.000057s ]
[ info ] [ ROUTE ] array (
  'type' => 'module',
  'module' => 
  array (
    0 => 'admin',
    1 => 'base.onlinestatus',
    2 => 'index',
  ),
)
[ info ] [ HEADER ] array (
  'cookie' => 'PHPSESSID=nv2kvldohdr5gjp3pmhtf24cbi',
  'accept-language' => 'zh-CN,zh;q=0.9',
  'accept-encoding' => 'gzip, deflate, br',
  'referer' => 'http://127.0.0.1:9001/WiGOXzphqV.php/base/onlinestatus?addtabs=1',
  'content-type' => 'application/json',
  'user-agent' => 'Mozilla/5.0 (X11; Linux x86_64) AppleWebKit/537.36 (KHTML, like Gecko) Chrome/69.0.3497.128 Safari/537.36 Qaxbrowser',
  'x-requested-with' => 'XMLHttpRequest',
  'accept' => 'application/json, text/javascript, */*; q=0.01',
  'connection' => 'keep-alive',
  'host' => '127.0.0.1:9001',
  'content-length' => '',
)
[ info ] [ PARAM ] array (
  'addtabs' => '1',
  'sort' => 'custom_online_status_id',
  'order' => 'desc',
  'offset' => '0',
  'limit' => '10',
  'filter' => '{}',
  'op' => '{}',
  '_' => '1603899969353',
)
[ info ] [ LANG ] /home/www/admin/localhost_9001/wwwroot/public/../application/admin/lang/zh-cn.php
[ info ] [ BEHAVIOR ] Run app\common\behavior\Common @module_init [ RunTime:0.000135s ]
[ info ] [ SESSION ] INIT array (
  'id' => '',
  'var_session_id' => '',
  'prefix' => 'think',
  'type' => '',
  'auto_start' => true,
)
[ info ] [ DB ] INIT mysql
[ info ] [ LANG ] /home/www/admin/localhost_9001/wwwroot/public/../application/admin/lang/zh-cn/base/onlinestatus.php
[ info ] [ RUN ] app\common\controller\Backend->index[ /home/www/admin/localhost_9001/wwwroot/application/admin/library/traits/Backend.php ]
[ info ] [ BEHAVIOR ] Run app\admin\behavior\AdminLog @app_end [ RunTime:0.000039s ]
[ info ] [ LOG ] INIT File
---------------------------------------------------------------
[ 2020-10-28T23:46:10+08:00 ] 127.0.0.1 GET 127.0.0.1:9001/WiGOXzphqV.php/base/channel?addtabs=1
[运行时间：0.023250s] [吞吐率：43.01req/s] [内存消耗：688.57kb] [文件加载：134]
[ info ] [ BEHAVIOR ] Run Closure @app_init [ RunTime:0.000022s ]
[ info ] [ CACHE ] INIT File
[ info ] [ BEHAVIOR ] Run Closure @app_init [ RunTime:0.000322s ]
[ info ] [ LANG ] /home/www/admin/localhost_9001/wwwroot/thinkphp/lang/zh-cn.php
[ info ] [ BEHAVIOR ] Run app\common\behavior\Common @app_dispatch [ RunTime:0.000048s ]
[ info ] [ ROUTE ] array (
  'type' => 'module',
  'module' => 
  array (
    0 => 'admin',
    1 => 'base.channel',
    2 => NULL,
  ),
)
[ info ] [ HEADER ] array (
  'cookie' => 'PHPSESSID=nv2kvldohdr5gjp3pmhtf24cbi',
  'accept-language' => 'zh-CN,zh;q=0.9',
  'accept-encoding' => 'gzip, deflate, br',
  'referer' => 'http://127.0.0.1:9001/WiGOXzphqV.php/base/channel?ref=addtabs',
  'accept' => 'text/html,application/xhtml+xml,application/xml;q=0.9,image/webp,image/apng,*/*;q=0.8',
  'user-agent' => 'Mozilla/5.0 (X11; Linux x86_64) AppleWebKit/537.36 (KHTML, like Gecko) Chrome/69.0.3497.128 Safari/537.36 Qaxbrowser',
  'upgrade-insecure-requests' => '1',
  'connection' => 'keep-alive',
  'host' => '127.0.0.1:9001',
  'content-length' => '',
  'content-type' => '',
)
[ info ] [ PARAM ] array (
  'addtabs' => '1',
)
[ info ] [ LANG ] /home/www/admin/localhost_9001/wwwroot/public/../application/admin/lang/zh-cn.php
[ info ] [ BEHAVIOR ] Run app\common\behavior\Common @module_init [ RunTime:0.000144s ]
[ info ] [ SESSION ] INIT array (
  'id' => '',
  'var_session_id' => '',
  'prefix' => 'think',
  'type' => '',
  'auto_start' => true,
)
[ info ] [ DB ] INIT mysql
[ info ] [ LANG ] /home/www/admin/localhost_9001/wwwroot/public/../application/admin/lang/zh-cn/base/channel.php
[ info ] [ RUN ] app\common\controller\Backend->index[ /home/www/admin/localhost_9001/wwwroot/application/admin/library/traits/Backend.php ]
[ info ] [ VIEW ] /home/www/admin/localhost_9001/wwwroot/public/../application/admin/view/base/channel/index.html [ array (
  0 => 'breadcrumb',
  1 => 'site',
  2 => 'config',
  3 => 'auth',
  4 => 'admin',
) ]
[ info ] [ BEHAVIOR ] Run app\admin\behavior\AdminLog @app_end [ RunTime:0.000049s ]
[ info ] [ LOG ] INIT File
---------------------------------------------------------------
[ 2020-10-28T23:46:10+08:00 ] 127.0.0.1 GET 127.0.0.1:9001/WiGOXzphqV.php/ajax/lang?callback=define&controllername=base.channel&v=1603899970
[运行时间：0.012743s] [吞吐率：78.47req/s] [内存消耗：693.94kb] [文件加载：134]
[ info ] [ BEHAVIOR ] Run Closure @app_init [ RunTime:0.000024s ]
[ info ] [ CACHE ] INIT File
[ info ] [ BEHAVIOR ] Run Closure @app_init [ RunTime:0.000309s ]
[ info ] [ LANG ] /home/www/admin/localhost_9001/wwwroot/thinkphp/lang/zh-cn.php
[ info ] [ BEHAVIOR ] Run app\common\behavior\Common @app_dispatch [ RunTime:0.000052s ]
[ info ] [ ROUTE ] array (
  'type' => 'module',
  'module' => 
  array (
    0 => 'admin',
    1 => 'ajax',
    2 => 'lang',
  ),
)
[ info ] [ HEADER ] array (
  'cookie' => 'PHPSESSID=nv2kvldohdr5gjp3pmhtf24cbi',
  'accept-language' => 'zh-CN,zh;q=0.9',
  'accept-encoding' => 'gzip, deflate, br',
  'referer' => 'http://127.0.0.1:9001/WiGOXzphqV.php/base/channel?addtabs=1',
  'accept' => '*/*',
  'user-agent' => 'Mozilla/5.0 (X11; Linux x86_64) AppleWebKit/537.36 (KHTML, like Gecko) Chrome/69.0.3497.128 Safari/537.36 Qaxbrowser',
  'connection' => 'keep-alive',
  'host' => '127.0.0.1:9001',
  'content-length' => '',
  'content-type' => '',
)
[ info ] [ PARAM ] array (
  'callback' => 'define',
  'controllername' => 'base.channel',
  'v' => '1603899970',
)
[ info ] [ LANG ] /home/www/admin/localhost_9001/wwwroot/public/../application/admin/lang/zh-cn.php
[ info ] [ BEHAVIOR ] Run app\common\behavior\Common @module_init [ RunTime:0.000123s ]
[ info ] [ SESSION ] INIT array (
  'id' => '',
  'var_session_id' => '',
  'prefix' => 'think',
  'type' => '',
  'auto_start' => true,
)
[ info ] [ DB ] INIT mysql
[ info ] [ LANG ] /home/www/admin/localhost_9001/wwwroot/public/../application/admin/lang/zh-cn/ajax.php
[ info ] [ RUN ] app\admin\controller\Ajax->lang[ /home/www/admin/localhost_9001/wwwroot/application/admin/controller/Ajax.php ]
[ info ] [ LANG ] /home/www/admin/localhost_9001/wwwroot/public/../application/admin/lang/zh-cn/base/channel.php
[ info ] [ BEHAVIOR ] Run app\admin\behavior\AdminLog @app_end [ RunTime:0.000028s ]
[ info ] [ LOG ] INIT File
---------------------------------------------------------------
[ 2020-10-28T23:46:10+08:00 ] 127.0.0.1 GET 127.0.0.1:9001/WiGOXzphqV.php/base/channel/index?addtabs=1&sort=custom_channel_id&order=desc&offset=0&limit=10&filter=%7B%7D&op=%7B%7D&_=1603899970611
[运行时间：0.033787s] [吞吐率：29.60req/s] [内存消耗：692.82kb] [文件加载：136]
[ info ] [ BEHAVIOR ] Run Closure @app_init [ RunTime:0.000016s ]
[ info ] [ CACHE ] INIT File
[ info ] [ BEHAVIOR ] Run Closure @app_init [ RunTime:0.000238s ]
[ info ] [ LANG ] /home/www/admin/localhost_9001/wwwroot/thinkphp/lang/zh-cn.php
[ info ] [ BEHAVIOR ] Run app\common\behavior\Common @app_dispatch [ RunTime:0.000034s ]
[ info ] [ ROUTE ] array (
  'type' => 'module',
  'module' => 
  array (
    0 => 'admin',
    1 => 'base.channel',
    2 => 'index',
  ),
)
[ info ] [ HEADER ] array (
  'cookie' => 'PHPSESSID=nv2kvldohdr5gjp3pmhtf24cbi',
  'accept-language' => 'zh-CN,zh;q=0.9',
  'accept-encoding' => 'gzip, deflate, br',
  'referer' => 'http://127.0.0.1:9001/WiGOXzphqV.php/base/channel?addtabs=1',
  'content-type' => 'application/json',
  'user-agent' => 'Mozilla/5.0 (X11; Linux x86_64) AppleWebKit/537.36 (KHTML, like Gecko) Chrome/69.0.3497.128 Safari/537.36 Qaxbrowser',
  'x-requested-with' => 'XMLHttpRequest',
  'accept' => 'application/json, text/javascript, */*; q=0.01',
  'connection' => 'keep-alive',
  'host' => '127.0.0.1:9001',
  'content-length' => '',
)
[ info ] [ PARAM ] array (
  'addtabs' => '1',
  'sort' => 'custom_channel_id',
  'order' => 'desc',
  'offset' => '0',
  'limit' => '10',
  'filter' => '{}',
  'op' => '{}',
  '_' => '1603899970611',
)
[ info ] [ LANG ] /home/www/admin/localhost_9001/wwwroot/public/../application/admin/lang/zh-cn.php
[ info ] [ BEHAVIOR ] Run app\common\behavior\Common @module_init [ RunTime:0.000090s ]
[ info ] [ SESSION ] INIT array (
  'id' => '',
  'var_session_id' => '',
  'prefix' => 'think',
  'type' => '',
  'auto_start' => true,
)
[ info ] [ DB ] INIT mysql
[ info ] [ LANG ] /home/www/admin/localhost_9001/wwwroot/public/../application/admin/lang/zh-cn/base/channel.php
[ info ] [ RUN ] app\common\controller\Backend->index[ /home/www/admin/localhost_9001/wwwroot/application/admin/library/traits/Backend.php ]
[ info ] [ BEHAVIOR ] Run app\admin\behavior\AdminLog @app_end [ RunTime:0.000041s ]
[ info ] [ LOG ] INIT File
---------------------------------------------------------------
[ 2020-10-28T23:46:17+08:00 ] 127.0.0.1 GET 127.0.0.1:9001/WiGOXzphqV.php/general/attachment?addtabs=1
[运行时间：0.022248s] [吞吐率：44.95req/s] [内存消耗：691.96kb] [文件加载：134]
[ info ] [ BEHAVIOR ] Run Closure @app_init [ RunTime:0.000028s ]
[ info ] [ CACHE ] INIT File
[ info ] [ BEHAVIOR ] Run Closure @app_init [ RunTime:0.000367s ]
[ info ] [ LANG ] /home/www/admin/localhost_9001/wwwroot/thinkphp/lang/zh-cn.php
[ info ] [ BEHAVIOR ] Run app\common\behavior\Common @app_dispatch [ RunTime:0.000063s ]
[ info ] [ ROUTE ] array (
  'type' => 'module',
  'module' => 
  array (
    0 => 'admin',
    1 => 'general.attachment',
    2 => NULL,
  ),
)
[ info ] [ HEADER ] array (
  'cookie' => 'PHPSESSID=nv2kvldohdr5gjp3pmhtf24cbi',
  'accept-language' => 'zh-CN,zh;q=0.9',
  'accept-encoding' => 'gzip, deflate, br',
  'referer' => 'http://127.0.0.1:9001/WiGOXzphqV.php/general/attachment?ref=addtabs',
  'accept' => 'text/html,application/xhtml+xml,application/xml;q=0.9,image/webp,image/apng,*/*;q=0.8',
  'user-agent' => 'Mozilla/5.0 (X11; Linux x86_64) AppleWebKit/537.36 (KHTML, like Gecko) Chrome/69.0.3497.128 Safari/537.36 Qaxbrowser',
  'upgrade-insecure-requests' => '1',
  'connection' => 'keep-alive',
  'host' => '127.0.0.1:9001',
  'content-length' => '',
  'content-type' => '',
)
[ info ] [ PARAM ] array (
  'addtabs' => '1',
)
[ info ] [ LANG ] /home/www/admin/localhost_9001/wwwroot/public/../application/admin/lang/zh-cn.php
[ info ] [ BEHAVIOR ] Run app\common\behavior\Common @module_init [ RunTime:0.000148s ]
[ info ] [ SESSION ] INIT array (
  'id' => '',
  'var_session_id' => '',
  'prefix' => 'think',
  'type' => '',
  'auto_start' => true,
)
[ info ] [ DB ] INIT mysql
[ info ] [ LANG ] /home/www/admin/localhost_9001/wwwroot/public/../application/admin/lang/zh-cn/general/attachment.php
[ info ] [ RUN ] app\admin\controller\general\Attachment->index[ /home/www/admin/localhost_9001/wwwroot/application/admin/controller/general/Attachment.php ]
[ info ] [ VIEW ] /home/www/admin/localhost_9001/wwwroot/public/../application/admin/view/general/attachment/index.html [ array (
  0 => 'breadcrumb',
  1 => 'site',
  2 => 'config',
  3 => 'auth',
  4 => 'admin',
  5 => 'mimetypeList',
) ]
[ info ] [ BEHAVIOR ] Run app\admin\behavior\AdminLog @app_end [ RunTime:0.000038s ]
[ info ] [ LOG ] INIT File
---------------------------------------------------------------
[ 2020-10-28T23:46:17+08:00 ] 127.0.0.1 GET 127.0.0.1:9001/WiGOXzphqV.php/ajax/lang?callback=define&controllername=general.attachment&v=1603899977
[运行时间：0.011980s] [吞吐率：83.47req/s] [内存消耗：694.51kb] [文件加载：134]
[ info ] [ BEHAVIOR ] Run Closure @app_init [ RunTime:0.000024s ]
[ info ] [ CACHE ] INIT File
[ info ] [ BEHAVIOR ] Run Closure @app_init [ RunTime:0.000328s ]
[ info ] [ LANG ] /home/www/admin/localhost_9001/wwwroot/thinkphp/lang/zh-cn.php
[ info ] [ BEHAVIOR ] Run app\common\behavior\Common @app_dispatch [ RunTime:0.000045s ]
[ info ] [ ROUTE ] array (
  'type' => 'module',
  'module' => 
  array (
    0 => 'admin',
    1 => 'ajax',
    2 => 'lang',
  ),
)
[ info ] [ HEADER ] array (
  'cookie' => 'PHPSESSID=nv2kvldohdr5gjp3pmhtf24cbi',
  'accept-language' => 'zh-CN,zh;q=0.9',
  'accept-encoding' => 'gzip, deflate, br',
  'referer' => 'http://127.0.0.1:9001/WiGOXzphqV.php/general/attachment?addtabs=1',
  'accept' => '*/*',
  'user-agent' => 'Mozilla/5.0 (X11; Linux x86_64) AppleWebKit/537.36 (KHTML, like Gecko) Chrome/69.0.3497.128 Safari/537.36 Qaxbrowser',
  'connection' => 'keep-alive',
  'host' => '127.0.0.1:9001',
  'content-length' => '',
  'content-type' => '',
)
[ info ] [ PARAM ] array (
  'callback' => 'define',
  'controllername' => 'general.attachment',
  'v' => '1603899977',
)
[ info ] [ LANG ] /home/www/admin/localhost_9001/wwwroot/public/../application/admin/lang/zh-cn.php
[ info ] [ BEHAVIOR ] Run app\common\behavior\Common @module_init [ RunTime:0.000131s ]
[ info ] [ SESSION ] INIT array (
  'id' => '',
  'var_session_id' => '',
  'prefix' => 'think',
  'type' => '',
  'auto_start' => true,
)
[ info ] [ DB ] INIT mysql
[ info ] [ LANG ] /home/www/admin/localhost_9001/wwwroot/public/../application/admin/lang/zh-cn/ajax.php
[ info ] [ RUN ] app\admin\controller\Ajax->lang[ /home/www/admin/localhost_9001/wwwroot/application/admin/controller/Ajax.php ]
[ info ] [ LANG ] /home/www/admin/localhost_9001/wwwroot/public/../application/admin/lang/zh-cn/general/attachment.php
[ info ] [ BEHAVIOR ] Run app\admin\behavior\AdminLog @app_end [ RunTime:0.000032s ]
[ info ] [ LOG ] INIT File
---------------------------------------------------------------
[ 2020-10-28T23:46:17+08:00 ] 127.0.0.1 GET 127.0.0.1:9001/WiGOXzphqV.php/general/attachment/index?sort=id&order=desc&offset=0&limit=10&filter=%7B%7D&op=%7B%7D&_=1603899977324
[运行时间：0.024106s] [吞吐率：41.48req/s] [内存消耗：695.34kb] [文件加载：134]
[ info ] [ BEHAVIOR ] Run Closure @app_init [ RunTime:0.000021s ]
[ info ] [ CACHE ] INIT File
[ info ] [ BEHAVIOR ] Run Closure @app_init [ RunTime:0.000319s ]
[ info ] [ LANG ] /home/www/admin/localhost_9001/wwwroot/thinkphp/lang/zh-cn.php
[ info ] [ BEHAVIOR ] Run app\common\behavior\Common @app_dispatch [ RunTime:0.000039s ]
[ info ] [ ROUTE ] array (
  'type' => 'module',
  'module' => 
  array (
    0 => 'admin',
    1 => 'general.attachment',
    2 => 'index',
  ),
)
[ info ] [ HEADER ] array (
  'cookie' => 'PHPSESSID=nv2kvldohdr5gjp3pmhtf24cbi',
  'accept-language' => 'zh-CN,zh;q=0.9',
  'accept-encoding' => 'gzip, deflate, br',
  'referer' => 'http://127.0.0.1:9001/WiGOXzphqV.php/general/attachment?addtabs=1',
  'content-type' => 'application/json',
  'user-agent' => 'Mozilla/5.0 (X11; Linux x86_64) AppleWebKit/537.36 (KHTML, like Gecko) Chrome/69.0.3497.128 Safari/537.36 Qaxbrowser',
  'x-requested-with' => 'XMLHttpRequest',
  'accept' => 'application/json, text/javascript, */*; q=0.01',
  'connection' => 'keep-alive',
  'host' => '127.0.0.1:9001',
  'content-length' => '',
)
[ info ] [ PARAM ] array (
  'sort' => 'id',
  'order' => 'desc',
  'offset' => '0',
  'limit' => '10',
  'filter' => '{}',
  'op' => '{}',
  '_' => '1603899977324',
)
[ info ] [ LANG ] /home/www/admin/localhost_9001/wwwroot/public/../application/admin/lang/zh-cn.php
[ info ] [ BEHAVIOR ] Run app\common\behavior\Common @module_init [ RunTime:0.000120s ]
[ info ] [ SESSION ] INIT array (
  'id' => '',
  'var_session_id' => '',
  'prefix' => 'think',
  'type' => '',
  'auto_start' => true,
)
[ info ] [ DB ] INIT mysql
[ info ] [ LANG ] /home/www/admin/localhost_9001/wwwroot/public/../application/admin/lang/zh-cn/general/attachment.php
[ info ] [ RUN ] app\admin\controller\general\Attachment->index[ /home/www/admin/localhost_9001/wwwroot/application/admin/controller/general/Attachment.php ]
[ info ] [ BEHAVIOR ] Run app\admin\behavior\AdminLog @app_end [ RunTime:0.000031s ]
[ info ] [ LOG ] INIT File
---------------------------------------------------------------
[ 2020-10-28T23:46:23+08:00 ] 127.0.0.1 GET 127.0.0.1:9001/WiGOXzphqV.php/custom/info/index?addtabs=1&sort=custom_id&order=desc&offset=0&limit=10&filter=%7B%7D&op=%7B%7D&_=1603899930145
[运行时间：0.034672s] [吞吐率：28.84req/s] [内存消耗：721.49kb] [文件加载：137]
[ info ] [ BEHAVIOR ] Run Closure @app_init [ RunTime:0.000025s ]
[ info ] [ CACHE ] INIT File
[ info ] [ BEHAVIOR ] Run Closure @app_init [ RunTime:0.000692s ]
[ info ] [ LANG ] /home/www/admin/localhost_9001/wwwroot/thinkphp/lang/zh-cn.php
[ info ] [ BEHAVIOR ] Run app\common\behavior\Common @app_dispatch [ RunTime:0.000084s ]
[ info ] [ ROUTE ] array (
  'type' => 'module',
  'module' => 
  array (
    0 => 'admin',
    1 => 'custom.info',
    2 => 'index',
  ),
)
[ info ] [ HEADER ] array (
  'cookie' => 'PHPSESSID=nv2kvldohdr5gjp3pmhtf24cbi',
  'accept-language' => 'zh-CN,zh;q=0.9',
  'accept-encoding' => 'gzip, deflate, br',
  'referer' => 'http://127.0.0.1:9001/WiGOXzphqV.php/custom/info?addtabs=1',
  'content-type' => 'application/json',
  'user-agent' => 'Mozilla/5.0 (X11; Linux x86_64) AppleWebKit/537.36 (KHTML, like Gecko) Chrome/69.0.3497.128 Safari/537.36 Qaxbrowser',
  'x-requested-with' => 'XMLHttpRequest',
  'accept' => 'application/json, text/javascript, */*; q=0.01',
  'connection' => 'keep-alive',
  'host' => '127.0.0.1:9001',
  'content-length' => '',
)
[ info ] [ PARAM ] array (
  'addtabs' => '1',
  'sort' => 'custom_id',
  'order' => 'desc',
  'offset' => '0',
  'limit' => '10',
  'filter' => '{}',
  'op' => '{}',
  '_' => '1603899930145',
)
[ info ] [ LANG ] /home/www/admin/localhost_9001/wwwroot/public/../application/admin/lang/zh-cn.php
[ info ] [ BEHAVIOR ] Run app\common\behavior\Common @module_init [ RunTime:0.000147s ]
[ info ] [ SESSION ] INIT array (
  'id' => '',
  'var_session_id' => '',
  'prefix' => 'think',
  'type' => '',
  'auto_start' => true,
)
[ info ] [ DB ] INIT mysql
[ info ] [ LANG ] /home/www/admin/localhost_9001/wwwroot/public/../application/admin/lang/zh-cn/custom/info.php
[ info ] [ RUN ] app\admin\controller\custom\Info->index[ /home/www/admin/localhost_9001/wwwroot/application/admin/controller/custom/Info.php ]
[ info ] [ BEHAVIOR ] Run app\admin\behavior\AdminLog @app_end [ RunTime:0.000049s ]
[ info ] [ LOG ] INIT File
---------------------------------------------------------------
[ 2020-10-28T23:46:31+08:00 ] 127.0.0.1 GET 127.0.0.1:9001/WiGOXzphqV.php/custom/info/add?dialog=1
[运行时间：0.017340s] [吞吐率：57.67req/s] [内存消耗：712.11kb] [文件加载：135]
[ info ] [ BEHAVIOR ] Run Closure @app_init [ RunTime:0.000018s ]
[ info ] [ CACHE ] INIT File
[ info ] [ BEHAVIOR ] Run Closure @app_init [ RunTime:0.000264s ]
[ info ] [ LANG ] /home/www/admin/localhost_9001/wwwroot/thinkphp/lang/zh-cn.php
[ info ] [ BEHAVIOR ] Run app\common\behavior\Common @app_dispatch [ RunTime:0.000041s ]
[ info ] [ ROUTE ] array (
  'type' => 'module',
  'module' => 
  array (
    0 => 'admin',
    1 => 'custom.info',
    2 => 'add',
  ),
)
[ info ] [ HEADER ] array (
  'cookie' => 'PHPSESSID=nv2kvldohdr5gjp3pmhtf24cbi',
  'accept-language' => 'zh-CN,zh;q=0.9',
  'accept-encoding' => 'gzip, deflate, br',
  'referer' => 'http://127.0.0.1:9001/WiGOXzphqV.php/custom/info?addtabs=1',
  'accept' => 'text/html,application/xhtml+xml,application/xml;q=0.9,image/webp,image/apng,*/*;q=0.8',
  'user-agent' => 'Mozilla/5.0 (X11; Linux x86_64) AppleWebKit/537.36 (KHTML, like Gecko) Chrome/69.0.3497.128 Safari/537.36 Qaxbrowser',
  'upgrade-insecure-requests' => '1',
  'connection' => 'keep-alive',
  'host' => '127.0.0.1:9001',
  'content-length' => '',
  'content-type' => '',
)
[ info ] [ PARAM ] array (
  'dialog' => '1',
)
[ info ] [ LANG ] /home/www/admin/localhost_9001/wwwroot/public/../application/admin/lang/zh-cn.php
[ info ] [ BEHAVIOR ] Run app\common\behavior\Common @module_init [ RunTime:0.000132s ]
[ info ] [ SESSION ] INIT array (
  'id' => '',
  'var_session_id' => '',
  'prefix' => 'think',
  'type' => '',
  'auto_start' => true,
)
[ info ] [ DB ] INIT mysql
[ info ] [ LANG ] /home/www/admin/localhost_9001/wwwroot/public/../application/admin/lang/zh-cn/custom/info.php
[ info ] [ RUN ] app\common\controller\Backend->add[ /home/www/admin/localhost_9001/wwwroot/application/admin/library/traits/Backend.php ]
[ info ] [ VIEW ] /home/www/admin/localhost_9001/wwwroot/public/../application/admin/view/custom/info/add.html [ array (
  0 => 'breadcrumb',
  1 => 'site',
  2 => 'config',
  3 => 'auth',
  4 => 'admin',
) ]
[ info ] [ BEHAVIOR ] Run app\admin\behavior\AdminLog @app_end [ RunTime:0.000056s ]
[ info ] [ LOG ] INIT File
---------------------------------------------------------------
[ 2020-10-28T23:46:32+08:00 ] 127.0.0.1 GET 127.0.0.1:9001/WiGOXzphqV.php/ajax/lang?callback=define&controllername=custom.info&v=1603899991
[运行时间：0.026868s] [吞吐率：37.22req/s] [内存消耗：695.17kb] [文件加载：134]
[ info ] [ BEHAVIOR ] Run Closure @app_init [ RunTime:0.000024s ]
[ info ] [ CACHE ] INIT File
[ info ] [ BEHAVIOR ] Run Closure @app_init [ RunTime:0.000275s ]
[ info ] [ LANG ] /home/www/admin/localhost_9001/wwwroot/thinkphp/lang/zh-cn.php
[ info ] [ BEHAVIOR ] Run app\common\behavior\Common @app_dispatch [ RunTime:0.000049s ]
[ info ] [ ROUTE ] array (
  'type' => 'module',
  'module' => 
  array (
    0 => 'admin',
    1 => 'ajax',
    2 => 'lang',
  ),
)
[ info ] [ HEADER ] array (
  'cookie' => 'PHPSESSID=nv2kvldohdr5gjp3pmhtf24cbi',
  'accept-language' => 'zh-CN,zh;q=0.9',
  'accept-encoding' => 'gzip, deflate, br',
  'referer' => 'http://127.0.0.1:9001/WiGOXzphqV.php/custom/info/add?dialog=1',
  'accept' => '*/*',
  'user-agent' => 'Mozilla/5.0 (X11; Linux x86_64) AppleWebKit/537.36 (KHTML, like Gecko) Chrome/69.0.3497.128 Safari/537.36 Qaxbrowser',
  'connection' => 'keep-alive',
  'host' => '127.0.0.1:9001',
  'content-length' => '',
  'content-type' => '',
)
[ info ] [ PARAM ] array (
  'callback' => 'define',
  'controllername' => 'custom.info',
  'v' => '1603899991',
)
[ info ] [ LANG ] /home/www/admin/localhost_9001/wwwroot/public/../application/admin/lang/zh-cn.php
[ info ] [ BEHAVIOR ] Run app\common\behavior\Common @module_init [ RunTime:0.000103s ]
[ info ] [ SESSION ] INIT array (
  'id' => '',
  'var_session_id' => '',
  'prefix' => 'think',
  'type' => '',
  'auto_start' => true,
)
[ info ] [ DB ] INIT mysql
[ info ] [ LANG ] /home/www/admin/localhost_9001/wwwroot/public/../application/admin/lang/zh-cn/ajax.php
[ info ] [ RUN ] app\admin\controller\Ajax->lang[ /home/www/admin/localhost_9001/wwwroot/application/admin/controller/Ajax.php ]
[ info ] [ LANG ] /home/www/admin/localhost_9001/wwwroot/public/../application/admin/lang/zh-cn/custom/info.php
[ info ] [ BEHAVIOR ] Run app\admin\behavior\AdminLog @app_end [ RunTime:0.000047s ]
[ info ] [ LOG ] INIT File
---------------------------------------------------------------
[ 2020-10-28T23:46:36+08:00 ] 127.0.0.1 GET 127.0.0.1:9001/WiGOXzphqV.php/custom/info/edit/ids/1?dialog=1
[运行时间：0.040766s] [吞吐率：24.53req/s] [内存消耗：762.48kb] [文件加载：137]
[ info ] [ BEHAVIOR ] Run Closure @app_init [ RunTime:0.000023s ]
[ info ] [ CACHE ] INIT File
[ info ] [ BEHAVIOR ] Run Closure @app_init [ RunTime:0.001763s ]
[ info ] [ LANG ] /home/www/admin/localhost_9001/wwwroot/thinkphp/lang/zh-cn.php
[ info ] [ BEHAVIOR ] Run app\common\behavior\Common @app_dispatch [ RunTime:0.000047s ]
[ info ] [ ROUTE ] array (
  'type' => 'module',
  'module' => 
  array (
    0 => 'admin',
    1 => 'custom.info',
    2 => 'edit',
  ),
)
[ info ] [ HEADER ] array (
  'cookie' => 'PHPSESSID=nv2kvldohdr5gjp3pmhtf24cbi',
  'accept-language' => 'zh-CN,zh;q=0.9',
  'accept-encoding' => 'gzip, deflate, br',
  'referer' => 'http://127.0.0.1:9001/WiGOXzphqV.php/custom/info?addtabs=1',
  'accept' => 'text/html,application/xhtml+xml,application/xml;q=0.9,image/webp,image/apng,*/*;q=0.8',
  'user-agent' => 'Mozilla/5.0 (X11; Linux x86_64) AppleWebKit/537.36 (KHTML, like Gecko) Chrome/69.0.3497.128 Safari/537.36 Qaxbrowser',
  'upgrade-insecure-requests' => '1',
  'connection' => 'keep-alive',
  'host' => '127.0.0.1:9001',
  'content-length' => '',
  'content-type' => '',
)
[ info ] [ PARAM ] array (
  'dialog' => '1',
  'ids' => '1',
)
[ info ] [ LANG ] /home/www/admin/localhost_9001/wwwroot/public/../application/admin/lang/zh-cn.php
[ info ] [ BEHAVIOR ] Run app\common\behavior\Common @module_init [ RunTime:0.000099s ]
[ info ] [ SESSION ] INIT array (
  'id' => '',
  'var_session_id' => '',
  'prefix' => 'think',
  'type' => '',
  'auto_start' => true,
)
[ info ] [ DB ] INIT mysql
[ info ] [ LANG ] /home/www/admin/localhost_9001/wwwroot/public/../application/admin/lang/zh-cn/custom/info.php
[ info ] [ RUN ] app\common\controller\Backend->edit[ /home/www/admin/localhost_9001/wwwroot/application/admin/library/traits/Backend.php ]
[ info ] [ VIEW ] /home/www/admin/localhost_9001/wwwroot/public/../application/admin/view/custom/info/edit.html [ array (
  0 => 'breadcrumb',
  1 => 'site',
  2 => 'config',
  3 => 'auth',
  4 => 'admin',
  5 => 'row',
) ]
[ info ] [ BEHAVIOR ] Run app\admin\behavior\AdminLog @app_end [ RunTime:0.000043s ]
[ info ] [ LOG ] INIT File
---------------------------------------------------------------
[ 2020-10-28T23:46:37+08:00 ] 127.0.0.1 GET 127.0.0.1:9001/WiGOXzphqV.php/ajax/lang?callback=define&controllername=custom.info&v=1603899996
[运行时间：0.034950s] [吞吐率：28.61req/s] [内存消耗：695.17kb] [文件加载：134]
[ info ] [ BEHAVIOR ] Run Closure @app_init [ RunTime:0.000027s ]
[ info ] [ CACHE ] INIT File
[ info ] [ BEHAVIOR ] Run Closure @app_init [ RunTime:0.000346s ]
[ info ] [ LANG ] /home/www/admin/localhost_9001/wwwroot/thinkphp/lang/zh-cn.php
[ info ] [ BEHAVIOR ] Run app\common\behavior\Common @app_dispatch [ RunTime:0.000353s ]
[ info ] [ ROUTE ] array (
  'type' => 'module',
  'module' => 
  array (
    0 => 'admin',
    1 => 'ajax',
    2 => 'lang',
  ),
)
[ info ] [ HEADER ] array (
  'cookie' => 'PHPSESSID=nv2kvldohdr5gjp3pmhtf24cbi',
  'accept-language' => 'zh-CN,zh;q=0.9',
  'accept-encoding' => 'gzip, deflate, br',
  'referer' => 'http://127.0.0.1:9001/WiGOXzphqV.php/custom/info/edit/ids/1?dialog=1',
  'accept' => '*/*',
  'user-agent' => 'Mozilla/5.0 (X11; Linux x86_64) AppleWebKit/537.36 (KHTML, like Gecko) Chrome/69.0.3497.128 Safari/537.36 Qaxbrowser',
  'connection' => 'keep-alive',
  'host' => '127.0.0.1:9001',
  'content-length' => '',
  'content-type' => '',
)
[ info ] [ PARAM ] array (
  'callback' => 'define',
  'controllername' => 'custom.info',
  'v' => '1603899996',
)
[ info ] [ LANG ] /home/www/admin/localhost_9001/wwwroot/public/../application/admin/lang/zh-cn.php
[ info ] [ BEHAVIOR ] Run app\common\behavior\Common @module_init [ RunTime:0.000178s ]
[ info ] [ SESSION ] INIT array (
  'id' => '',
  'var_session_id' => '',
  'prefix' => 'think',
  'type' => '',
  'auto_start' => true,
)
[ info ] [ DB ] INIT mysql
[ info ] [ LANG ] /home/www/admin/localhost_9001/wwwroot/public/../application/admin/lang/zh-cn/ajax.php
[ info ] [ RUN ] app\admin\controller\Ajax->lang[ /home/www/admin/localhost_9001/wwwroot/application/admin/controller/Ajax.php ]
[ info ] [ LANG ] /home/www/admin/localhost_9001/wwwroot/public/../application/admin/lang/zh-cn/custom/info.php
[ info ] [ BEHAVIOR ] Run app\admin\behavior\AdminLog @app_end [ RunTime:0.000041s ]
[ info ] [ LOG ] INIT File
---------------------------------------------------------------
[ 2020-10-28T23:46:37+08:00 ] 127.0.0.1 POST 127.0.0.1:9001/WiGOXzphqV.php/custom/baidu/index
[运行时间：0.007992s] [吞吐率：125.12req/s] [内存消耗：267.47kb] [文件加载：114]
[ info ] [ BEHAVIOR ] Run Closure @app_init [ RunTime:0.000016s ]
[ info ] [ CACHE ] INIT File
[ info ] [ BEHAVIOR ] Run Closure @app_init [ RunTime:0.000238s ]
[ info ] [ LANG ] /home/www/admin/localhost_9001/wwwroot/thinkphp/lang/zh-cn.php
[ info ] [ BEHAVIOR ] Run app\common\behavior\Common @app_dispatch [ RunTime:0.000037s ]
[ info ] [ ROUTE ] array (
  'type' => 'module',
  'module' => 
  array (
    0 => 'admin',
    1 => 'custom',
    2 => 'baidu',
  ),
)
[ info ] [ HEADER ] array (
  'cookie' => 'PHPSESSID=nv2kvldohdr5gjp3pmhtf24cbi',
  'accept-language' => 'zh-CN,zh;q=0.9',
  'accept-encoding' => 'gzip, deflate, br',
  'referer' => 'http://127.0.0.1:9001/WiGOXzphqV.php/custom/info/edit/ids/1?dialog=1',
  'content-type' => 'application/x-www-form-urlencoded; charset=UTF-8',
  'user-agent' => 'Mozilla/5.0 (X11; Linux x86_64) AppleWebKit/537.36 (KHTML, like Gecko) Chrome/69.0.3497.128 Safari/537.36 Qaxbrowser',
  'x-requested-with' => 'XMLHttpRequest',
  'origin' => 'http://127.0.0.1:9001',
  'accept' => 'application/json, text/javascript, */*; q=0.01',
  'content-length' => '154',
  'connection' => 'keep-alive',
  'host' => '127.0.0.1:9001',
)
[ info ] [ PARAM ] array (
  'searchTable' => 'tbl',
  'searchKey' => 'id',
  'searchValue' => '1',
  'orderBy' => 
  array (
    0 => 
    array (
      0 => 'name',
      1 => 'ASC',
    ),
  ),
  'showField' => 'name',
  'keyField' => 'id',
  'keyValue' => '1',
  'searchField' => 
  array (
    0 => 'name',
  ),
)
[ info ] [ LANG ] /home/www/admin/localhost_9001/wwwroot/public/../application/admin/lang/zh-cn.php
[ info ] [ BEHAVIOR ] Run app\common\behavior\Common @module_init [ RunTime:0.000085s ]
[ info ] [ LOG ] INIT File
---------------------------------------------------------------
[ 2020-10-28T23:46:37+08:00 ] 127.0.0.1 POST 127.0.0.1:9001/WiGOXzphqV.php/custom/offline/index
[运行时间：0.006778s] [吞吐率：147.54req/s] [内存消耗：266.05kb] [文件加载：114]
[ info ] [ BEHAVIOR ] Run Closure @app_init [ RunTime:0.000023s ]
[ info ] [ CACHE ] INIT File
[ info ] [ BEHAVIOR ] Run Closure @app_init [ RunTime:0.000884s ]
[ info ] [ LANG ] /home/www/admin/localhost_9001/wwwroot/thinkphp/lang/zh-cn.php
[ info ] [ BEHAVIOR ] Run app\common\behavior\Common @app_dispatch [ RunTime:0.000055s ]
[ info ] [ ROUTE ] array (
  'type' => 'module',
  'module' => 
  array (
    0 => 'admin',
    1 => 'custom',
    2 => 'offline',
  ),
)
[ info ] [ HEADER ] array (
  'cookie' => 'PHPSESSID=nv2kvldohdr5gjp3pmhtf24cbi',
  'accept-language' => 'zh-CN,zh;q=0.9',
  'accept-encoding' => 'gzip, deflate, br',
  'referer' => 'http://127.0.0.1:9001/WiGOXzphqV.php/custom/info/edit/ids/1?dialog=1',
  'content-type' => 'application/x-www-form-urlencoded; charset=UTF-8',
  'user-agent' => 'Mozilla/5.0 (X11; Linux x86_64) AppleWebKit/537.36 (KHTML, like Gecko) Chrome/69.0.3497.128 Safari/537.36 Qaxbrowser',
  'x-requested-with' => 'XMLHttpRequest',
  'origin' => 'http://127.0.0.1:9001',
  'accept' => 'application/json, text/javascript, */*; q=0.01',
  'content-length' => '154',
  'connection' => 'keep-alive',
  'host' => '127.0.0.1:9001',
)
[ info ] [ PARAM ] array (
  'searchTable' => 'tbl',
  'searchKey' => 'id',
  'searchValue' => '1',
  'orderBy' => 
  array (
    0 => 
    array (
      0 => 'name',
      1 => 'ASC',
    ),
  ),
  'showField' => 'name',
  'keyField' => 'id',
  'keyValue' => '1',
  'searchField' => 
  array (
    0 => 'name',
  ),
)
[ info ] [ LANG ] /home/www/admin/localhost_9001/wwwroot/public/../application/admin/lang/zh-cn.php
[ info ] [ BEHAVIOR ] Run app\common\behavior\Common @module_init [ RunTime:0.000135s ]
[ info ] [ LOG ] INIT File
